2025-06-03 10:41:34,362   INFO  **********************Start logging**********************
2025-06-03 10:41:34,363   INFO  CUDA_VISIBLE_DEVICES=0, 1
2025-06-03 10:41:34,363   INFO  Training in distributed mode : total_batch_size: 16
2025-06-03 10:41:34,363   INFO  cfg_file         /home/liush/FSHNet/tools/cfgs/fshnet_models/fshnet_base.yaml
2025-06-03 10:41:34,363   INFO  batch_size       8
2025-06-03 10:41:34,363   INFO  epochs           12
2025-06-03 10:41:34,363   INFO  workers          8
2025-06-03 10:41:34,363   INFO  extra_tag        default
2025-06-03 10:41:34,363   INFO  ckpt             None
2025-06-03 10:41:34,363   INFO  pretrained_model None
2025-06-03 10:41:34,363   INFO  launcher         pytorch
2025-06-03 10:41:34,364   INFO  tcp_port         18888
2025-06-03 10:41:34,364   INFO  sync_bn          False
2025-06-03 10:41:34,364   INFO  fix_random_seed  False
2025-06-03 10:41:34,364   INFO  ckpt_save_interval 1
2025-06-03 10:41:34,364   INFO  local_rank       0
2025-06-03 10:41:34,364   INFO  max_ckpt_save_num 30
2025-06-03 10:41:34,364   INFO  merge_all_iters_to_one_epoch False
2025-06-03 10:41:34,364   INFO  set_cfgs         None
2025-06-03 10:41:34,364   INFO  max_waiting_mins 0
2025-06-03 10:41:34,364   INFO  start_epoch      0
2025-06-03 10:41:34,364   INFO  num_epochs_to_eval 0
2025-06-03 10:41:34,364   INFO  save_to_file     False
2025-06-03 10:41:34,364   INFO  use_tqdm_to_record True
2025-06-03 10:41:34,364   INFO  logger_iter_interval 50
2025-06-03 10:41:34,365   INFO  ckpt_save_time_interval 300
2025-06-03 10:41:34,365   INFO  wo_gpu_stat      False
2025-06-03 10:41:34,365   INFO  use_amp          False
2025-06-03 10:41:34,365   INFO  cfg.ROOT_DIR: /home/liush/FSHNet
2025-06-03 10:41:34,365   INFO  cfg.LOCAL_RANK: 0
2025-06-03 10:41:34,365   INFO  cfg.CLASS_NAMES: ['Vehicle', 'Pedestrian', 'Cyclist']
2025-06-03 10:41:34,365   INFO  ----------- DATA_CONFIG -----------
2025-06-03 10:41:34,365   INFO  cfg.DATA_CONFIG.DATASET: WaymoDataset
2025-06-03 10:41:34,365   INFO  cfg.DATA_CONFIG.DATA_PATH: /home/liush/datasets/waymo
2025-06-03 10:41:34,365   INFO  cfg.DATA_CONFIG.PROCESSED_DATA_TAG: waymo_processed_data_v0_5_0
2025-06-03 10:41:34,365   INFO  cfg.DATA_CONFIG.POINT_CLOUD_RANGE: [-76.8, -76.8, -2, 76.8, 76.8, 4.0]
2025-06-03 10:41:34,365   INFO  ----------- DATA_SPLIT -----------
2025-06-03 10:41:34,365   INFO  cfg.DATA_CONFIG.DATA_SPLIT.train: train
2025-06-03 10:41:34,366   INFO  cfg.DATA_CONFIG.DATA_SPLIT.test: val
2025-06-03 10:41:34,366   INFO  ----------- SAMPLED_INTERVAL -----------
2025-06-03 10:41:34,366   INFO  cfg.DATA_CONFIG.SAMPLED_INTERVAL.train: 2
2025-06-03 10:41:34,366   INFO  cfg.DATA_CONFIG.SAMPLED_INTERVAL.test: 1
2025-06-03 10:41:34,366   INFO  cfg.DATA_CONFIG.FILTER_EMPTY_BOXES_FOR_TRAIN: True
2025-06-03 10:41:34,366   INFO  cfg.DATA_CONFIG.DISABLE_NLZ_FLAG_ON_POINTS: True
2025-06-03 10:41:34,366   INFO  cfg.DATA_CONFIG.USE_SHARED_MEMORY: False
2025-06-03 10:41:34,366   INFO  cfg.DATA_CONFIG.SHARED_MEMORY_FILE_LIMIT: 35000
2025-06-03 10:41:34,366   INFO  ----------- DATA_AUGMENTOR -----------
2025-06-03 10:41:34,366   INFO  cfg.DATA_CONFIG.DATA_AUGMENTOR.DISABLE_AUG_LIST: ['placeholder']
2025-06-03 10:41:34,366   INFO  cfg.DATA_CONFIG.DATA_AUGMENTOR.AUG_CONFIG_LIST: [{'NAME': 'gt_sampling', 'USE_ROAD_PLANE': False, 'DB_INFO_PATH': ['waymo_processed_data_v0_5_0_waymo_dbinfos_train_sampled_1.pkl'], 'USE_SHARED_MEMORY': True, 'DB_DATA_PATH': ['waymo_processed_data_v0_5_0_gt_database_train_sampled_1_global.npy'], 'BACKUP_DB_INFO': {'DB_INFO_PATH': 'waymo_processed_data_v0_5_0_waymo_dbinfos_train_sampled_1_multiframe_-4_to_0.pkl', 'DB_DATA_PATH': 'waymo_processed_data_v0_5_0_gt_database_train_sampled_1_multiframe_-4_to_0_global.npy', 'NUM_POINT_FEATURES': 6}, 'PREPARE': {'filter_by_min_points': ['Vehicle:5', 'Pedestrian:10', 'Cyclist:10'], 'filter_by_difficulty': [-1]}, 'SAMPLE_GROUPS': ['Vehicle:15', 'Pedestrian:10', 'Cyclist:10'], 'NUM_POINT_FEATURES': 5, 'REMOVE_EXTRA_WIDTH': [0.0, 0.0, 0.0], 'LIMIT_WHOLE_SCENE': True}, {'NAME': 'random_world_flip', 'ALONG_AXIS_LIST': ['x', 'y']}, {'NAME': 'random_world_rotation', 'WORLD_ROT_ANGLE': [-0.78539816, 0.78539816]}, {'NAME': 'random_world_scaling', 'WORLD_SCALE_RANGE': [0.95, 1.05]}, {'NAME': 'random_world_translation', 'NOISE_TRANSLATE_STD': [0.5, 0.5, 0.5]}]
2025-06-03 10:41:34,366   INFO  ----------- POINT_FEATURE_ENCODING -----------
2025-06-03 10:41:34,367   INFO  cfg.DATA_CONFIG.POINT_FEATURE_ENCODING.encoding_type: absolute_coordinates_encoding
2025-06-03 10:41:34,367   INFO  cfg.DATA_CONFIG.POINT_FEATURE_ENCODING.used_feature_list: ['x', 'y', 'z', 'intensity', 'elongation']
2025-06-03 10:41:34,367   INFO  cfg.DATA_CONFIG.POINT_FEATURE_ENCODING.src_feature_list: ['x', 'y', 'z', 'intensity', 'elongation']
2025-06-03 10:41:34,367   INFO  cfg.DATA_CONFIG.DATA_PROCESSOR: [{'NAME': 'mask_points_and_boxes_outside_range', 'REMOVE_OUTSIDE_BOXES': True}, {'NAME': 'shuffle_points', 'SHUFFLE_ENABLED': {'train': True, 'test': True}}, {'NAME': 'transform_points_to_voxels_placeholder', 'VOXEL_SIZE': [0.32, 0.32, 0.1875]}]
2025-06-03 10:41:34,367   INFO  cfg.DATA_CONFIG._BASE_CONFIG_: /home/liush/FSHNet/tools/cfgs/dataset_configs/waymo_dataset.yaml
2025-06-03 10:41:34,367   INFO  cfg.DATA_CONFIG.POINTS_TANH_DIM: [3, 4]
2025-06-03 10:41:34,367   INFO  ----------- MODEL -----------
2025-06-03 10:41:34,367   INFO  cfg.MODEL.NAME: CenterPoint
2025-06-03 10:41:34,367   INFO  ----------- VFE -----------
2025-06-03 10:41:34,367   INFO  cfg.MODEL.VFE.NAME: DynamicVoxelVFE
2025-06-03 10:41:34,367   INFO  cfg.MODEL.VFE.WITH_DISTANCE: False
2025-06-03 10:41:34,367   INFO  cfg.MODEL.VFE.USE_ABSLOTE_XYZ: True
2025-06-03 10:41:34,367   INFO  cfg.MODEL.VFE.USE_NORM: True
2025-06-03 10:41:34,368   INFO  cfg.MODEL.VFE.NUM_FILTERS: [64, 64]
2025-06-03 10:41:34,368   INFO  ----------- BACKBONE_3D -----------
2025-06-03 10:41:34,368   INFO  cfg.MODEL.BACKBONE_3D.NAME: FSHNet_base
2025-06-03 10:41:34,368   INFO  cfg.MODEL.BACKBONE_3D.FEATURE_DIM: 128
2025-06-03 10:41:34,368   INFO  cfg.MODEL.BACKBONE_3D.WIN_SIZE: 12
2025-06-03 10:41:34,368   INFO  cfg.MODEL.BACKBONE_3D.AFD_FEATURE_DIM: 128
2025-06-03 10:41:34,368   INFO  cfg.MODEL.BACKBONE_3D.AFD_NUM_LAYERS: 1
2025-06-03 10:41:34,368   INFO  cfg.MODEL.BACKBONE_3D.AFD_NUM_SBB: [8, 4, 4]
2025-06-03 10:41:34,368   INFO  cfg.MODEL.BACKBONE_3D.AFD_DOWN_STRIDE: [1, 2, 2]
2025-06-03 10:41:34,368   INFO  cfg.MODEL.BACKBONE_3D.AFD_DOWN_KERNEL_SIZE: [3, 3, 3]
2025-06-03 10:41:34,368   INFO  cfg.MODEL.BACKBONE_3D.AFD: True
2025-06-03 10:41:34,368   INFO  cfg.MODEL.BACKBONE_3D.AFD_TRAINING: True
2025-06-03 10:41:34,368   INFO  cfg.MODEL.BACKBONE_3D.FG_THRESHOLD: 0.4
2025-06-03 10:41:34,368   INFO  cfg.MODEL.BACKBONE_3D.FEATMAP_STRIDE: 2
2025-06-03 10:41:34,369   INFO  cfg.MODEL.BACKBONE_3D.DETACH_FEATURE: True
2025-06-03 10:41:34,369   INFO  cfg.MODEL.BACKBONE_3D.GREOUP_POOLING_KERNEL_SIZE: [7, 3, 3]
2025-06-03 10:41:34,369   INFO  cfg.MODEL.BACKBONE_3D.GROUP_CLASS_NAMES: [['Vehicle'], ['Pedestrian', 'Cyclist']]
2025-06-03 10:41:34,369   INFO  ----------- DENSE_HEAD -----------
2025-06-03 10:41:34,369   INFO  cfg.MODEL.DENSE_HEAD.NAME: SparseDynamicHead
2025-06-03 10:41:34,369   INFO  cfg.MODEL.DENSE_HEAD.CLASS_AGNOSTIC: False
2025-06-03 10:41:34,369   INFO  cfg.MODEL.DENSE_HEAD.CLASS_NAMES_EACH_HEAD: [['Vehicle', 'Pedestrian', 'Cyclist']]
2025-06-03 10:41:34,369   INFO  cfg.MODEL.DENSE_HEAD.INPUT_FEATURES: 128
2025-06-03 10:41:34,369   INFO  cfg.MODEL.DENSE_HEAD.HEAD_CONV_TYPE: spconv
2025-06-03 10:41:34,369   INFO  cfg.MODEL.DENSE_HEAD.USE_BIAS_BEFORE_NORM: False
2025-06-03 10:41:34,369   INFO  cfg.MODEL.DENSE_HEAD.NUM_HM_CONV: 2
2025-06-03 10:41:34,369   INFO  cfg.MODEL.DENSE_HEAD.BN_EPS: 0.001
2025-06-03 10:41:34,369   INFO  cfg.MODEL.DENSE_HEAD.BN_MOM: 0.01
2025-06-03 10:41:34,369   INFO  cfg.MODEL.DENSE_HEAD.R_FACTOR: 0.5
2025-06-03 10:41:34,370   INFO  cfg.MODEL.DENSE_HEAD.DYNAMIC_POS_NUM: 5
2025-06-03 10:41:34,370   INFO  cfg.MODEL.DENSE_HEAD.DCLA_REG_WEIGHT: 3
2025-06-03 10:41:34,370   INFO  ----------- SEPARATE_HEAD_CFG -----------
2025-06-03 10:41:34,370   INFO  cfg.MODEL.DENSE_HEAD.SEPARATE_HEAD_CFG.HEAD_ORDER: ['bbox']
2025-06-03 10:41:34,370   INFO  ----------- HEAD_DICT -----------
2025-06-03 10:41:34,370   INFO  ----------- bbox -----------
2025-06-03 10:41:34,370   INFO  cfg.MODEL.DENSE_HEAD.SEPARATE_HEAD_CFG.HEAD_DICT.bbox.out_channels: 8
2025-06-03 10:41:34,370   INFO  cfg.MODEL.DENSE_HEAD.SEPARATE_HEAD_CFG.HEAD_DICT.bbox.num_conv: 2
2025-06-03 10:41:34,370   INFO  ----------- iou -----------
2025-06-03 10:41:34,370   INFO  cfg.MODEL.DENSE_HEAD.SEPARATE_HEAD_CFG.HEAD_DICT.iou.out_channels: 1
2025-06-03 10:41:34,370   INFO  cfg.MODEL.DENSE_HEAD.SEPARATE_HEAD_CFG.HEAD_DICT.iou.num_conv: 2
2025-06-03 10:41:34,370   INFO  ----------- TARGET_ASSIGNER_CONFIG -----------
2025-06-03 10:41:34,370   INFO  cfg.MODEL.DENSE_HEAD.TARGET_ASSIGNER_CONFIG.FEATURE_MAP_STRIDE: 1
2025-06-03 10:41:34,371   INFO  cfg.MODEL.DENSE_HEAD.TARGET_ASSIGNER_CONFIG.NUM_MAX_OBJS: 500
2025-06-03 10:41:34,371   INFO  cfg.MODEL.DENSE_HEAD.TARGET_ASSIGNER_CONFIG.GAUSSIAN_OVERLAP: 0.1
2025-06-03 10:41:34,371   INFO  cfg.MODEL.DENSE_HEAD.TARGET_ASSIGNER_CONFIG.MIN_RADIUS: 2
2025-06-03 10:41:34,371   INFO  ----------- LOSS_CONFIG -----------
2025-06-03 10:41:34,371   INFO  ----------- LOSS_WEIGHTS -----------
2025-06-03 10:41:34,371   INFO  cfg.MODEL.DENSE_HEAD.LOSS_CONFIG.LOSS_WEIGHTS.cls_weight: 1.0
2025-06-03 10:41:34,371   INFO  cfg.MODEL.DENSE_HEAD.LOSS_CONFIG.LOSS_WEIGHTS.loc_weight: 3.0
2025-06-03 10:41:34,371   INFO  cfg.MODEL.DENSE_HEAD.LOSS_CONFIG.LOSS_WEIGHTS.code_weights: [1.0, 1.0, 1.0, 1.0, 1.0, 1.0, 1.0, 1.0]
2025-06-03 10:41:34,371   INFO  ----------- POST_PROCESSING -----------
2025-06-03 10:41:34,371   INFO  cfg.MODEL.DENSE_HEAD.POST_PROCESSING.SCORE_THRESH: 0.1
2025-06-03 10:41:34,371   INFO  cfg.MODEL.DENSE_HEAD.POST_PROCESSING.POST_CENTER_LIMIT_RANGE: [-80, -80, -10.0, 80, 80, 10.0]
2025-06-03 10:41:34,371   INFO  cfg.MODEL.DENSE_HEAD.POST_PROCESSING.MAX_OBJ_PER_SAMPLE: 2500
2025-06-03 10:41:34,371   INFO  cfg.MODEL.DENSE_HEAD.POST_PROCESSING.USE_IOU_TO_RECTIFY_SCORE: True
2025-06-03 10:41:34,371   INFO  cfg.MODEL.DENSE_HEAD.POST_PROCESSING.IOU_RECTIFIER: [0.68, 0.71, 0.65]
2025-06-03 10:41:34,372   INFO  ----------- NMS_CONFIG -----------
2025-06-03 10:41:34,372   INFO  cfg.MODEL.DENSE_HEAD.POST_PROCESSING.NMS_CONFIG.NMS_TYPE: class_specific_nms
2025-06-03 10:41:34,372   INFO  cfg.MODEL.DENSE_HEAD.POST_PROCESSING.NMS_CONFIG.NMS_THRESH: [0.75, 0.6, 0.55]
2025-06-03 10:41:34,372   INFO  cfg.MODEL.DENSE_HEAD.POST_PROCESSING.NMS_CONFIG.NMS_PRE_MAXSIZE: [4096, 4096, 4096]
2025-06-03 10:41:34,372   INFO  cfg.MODEL.DENSE_HEAD.POST_PROCESSING.NMS_CONFIG.NMS_POST_MAXSIZE: [500, 500, 500]
2025-06-03 10:41:34,372   INFO  ----------- POST_PROCESSING -----------
2025-06-03 10:41:34,372   INFO  cfg.MODEL.POST_PROCESSING.RECALL_THRESH_LIST: [0.3, 0.5, 0.7]
2025-06-03 10:41:34,372   INFO  cfg.MODEL.POST_PROCESSING.EVAL_METRIC: waymo
2025-06-03 10:41:34,372   INFO  ----------- OPTIMIZATION -----------
2025-06-03 10:41:34,372   INFO  cfg.OPTIMIZATION.BATCH_SIZE_PER_GPU: 2
2025-06-03 10:41:34,372   INFO  cfg.OPTIMIZATION.NUM_EPOCHS: 12
2025-06-03 10:41:34,372   INFO  cfg.OPTIMIZATION.OPTIMIZER: adam_onecycle
2025-06-03 10:41:34,372   INFO  cfg.OPTIMIZATION.LR: 0.003
2025-06-03 10:41:34,373   INFO  cfg.OPTIMIZATION.WEIGHT_DECAY: 0.05
2025-06-03 10:41:34,373   INFO  cfg.OPTIMIZATION.MOMENTUM: 0.9
2025-06-03 10:41:34,373   INFO  cfg.OPTIMIZATION.MOMS: [0.95, 0.85]
2025-06-03 10:41:34,373   INFO  cfg.OPTIMIZATION.PCT_START: 0.1
2025-06-03 10:41:34,373   INFO  cfg.OPTIMIZATION.DIV_FACTOR: 100
2025-06-03 10:41:34,373   INFO  cfg.OPTIMIZATION.DECAY_STEP_LIST: [35, 45]
2025-06-03 10:41:34,373   INFO  cfg.OPTIMIZATION.LR_DECAY: 0.1
2025-06-03 10:41:34,373   INFO  cfg.OPTIMIZATION.LR_CLIP: 1e-07
2025-06-03 10:41:34,373   INFO  cfg.OPTIMIZATION.LR_WARMUP: False
2025-06-03 10:41:34,373   INFO  cfg.OPTIMIZATION.WARMUP_EPOCH: 1
2025-06-03 10:41:34,373   INFO  cfg.OPTIMIZATION.GRAD_NORM_CLIP: 10
2025-06-03 10:41:34,373   INFO  ----------- HOOK -----------
2025-06-03 10:41:34,373   INFO  ----------- DisableAugmentationHook -----------
2025-06-03 10:41:34,374   INFO  cfg.HOOK.DisableAugmentationHook.DISABLE_AUG_LIST: ['gt_sampling', 'random_world_flip', 'random_world_rotation', 'random_world_scaling', 'random_world_translation']
2025-06-03 10:41:34,374   INFO  cfg.HOOK.DisableAugmentationHook.NUM_LAST_EPOCHS: 1
2025-06-03 10:41:34,374   INFO  cfg.TAG: fshnet_base
2025-06-03 10:41:34,374   INFO  cfg.EXP_GROUP_PATH: fshnet_models
2025-06-03 10:41:34,404   INFO  ----------- Create dataloader & network & optimizer -----------
2025-06-03 10:41:51,190   INFO  Database filter by min points Vehicle: 1194368 => 1019923
2025-06-03 10:41:51,351   INFO  Database filter by min points Pedestrian: 1114091 => 861165
2025-06-03 10:41:51,372   INFO  Database filter by min points Cyclist: 53344 => 45157
2025-06-03 10:41:51,598   INFO  Database filter by difficulty Vehicle: 1019923 => 1019923
2025-06-03 10:41:51,796   INFO  Database filter by difficulty Pedestrian: 861165 => 861165
2025-06-03 10:41:51,805   INFO  Database filter by difficulty Cyclist: 45157 => 45157
2025-06-03 10:41:51,839   INFO  Loading GT database to shared memory
2025-06-03 10:45:03,655   INFO  GT database has been saved to shared memory
2025-06-03 10:45:06,962   INFO  Loading Waymo dataset
2025-06-03 10:45:51,204   INFO  Total skipped info 0
2025-06-03 10:45:51,204   INFO  Total samples for Waymo dataset: 158081
2025-06-03 10:45:51,216   INFO  Total sampled samples for Waymo dataset: 79041
2025-06-03 10:45:53,022   INFO  ----------- Model CenterPoint created, param count: 11142190 -----------
2025-06-03 10:45:53,022   INFO  DistributedDataParallel(
  (module): CenterPoint(
    (vfe): DynamicVoxelVFE(
      (pfn_layers): ModuleList(
        (0): PFNLayerV2(
          (linear): Linear(in_features=11, out_features=32, bias=False)
          (norm): BatchNorm1d(32, eps=0.001, momentum=0.01, affine=True, track_running_stats=True)
          (relu): ReLU()
        )
        (1): PFNLayerV2(
          (linear): Linear(in_features=64, out_features=64, bias=False)
          (norm): BatchNorm1d(64, eps=0.001, momentum=0.01, affine=True, track_running_stats=True)
          (relu): ReLU()
        )
      )
    )
    (backbone_3d): FSHNet_base(
      (cpe): SparseSequential(
        (0): SparseSequential(
          (0): SubMConv3d(64, 128, kernel_size=[3, 3, 3], stride=[1, 1, 1], padding=[0, 0, 0], dilation=[1, 1, 1], output_padding=[0, 0, 0], bias=False, algo=ConvAlgo.MaskImplicitGemm)
          (1): BatchNorm1d(128, eps=0.001, momentum=0.01, affine=True, track_running_stats=True)
          (2): ReLU()
        )
        (1): SparseBasicBlock(
          (conv1): SubMConv3d(128, 128, kernel_size=[3, 3, 3], stride=[1, 1, 1], padding=[1, 1, 1], dilation=[1, 1, 1], output_padding=[0, 0, 0], algo=ConvAlgo.MaskImplicitGemm)
          (bn1): BatchNorm1d(128, eps=0.001, momentum=0.01, affine=True, track_running_stats=True)
          (relu): ReLU()
          (conv2): SubMConv3d(128, 128, kernel_size=[3, 3, 3], stride=[1, 1, 1], padding=[1, 1, 1], dilation=[1, 1, 1], output_padding=[0, 0, 0], algo=ConvAlgo.MaskImplicitGemm)
          (bn2): BatchNorm1d(128, eps=0.001, momentum=0.01, affine=True, track_running_stats=True)
        )
        (2): SparseBasicBlock(
          (conv1): SubMConv3d(128, 128, kernel_size=[3, 3, 3], stride=[1, 1, 1], padding=[1, 1, 1], dilation=[1, 1, 1], output_padding=[0, 0, 0], algo=ConvAlgo.MaskImplicitGemm)
          (bn1): BatchNorm1d(128, eps=0.001, momentum=0.01, affine=True, track_running_stats=True)
          (relu): ReLU()
          (conv2): SubMConv3d(128, 128, kernel_size=[3, 3, 3], stride=[1, 1, 1], padding=[1, 1, 1], dilation=[1, 1, 1], output_padding=[0, 0, 0], algo=ConvAlgo.MaskImplicitGemm)
          (bn2): BatchNorm1d(128, eps=0.001, momentum=0.01, affine=True, track_running_stats=True)
        )
        (3): SparseBasicBlock(
          (conv1): SubMConv3d(128, 128, kernel_size=[3, 3, 3], stride=[1, 1, 1], padding=[1, 1, 1], dilation=[1, 1, 1], output_padding=[0, 0, 0], algo=ConvAlgo.MaskImplicitGemm)
          (bn1): BatchNorm1d(128, eps=0.001, momentum=0.01, affine=True, track_running_stats=True)
          (relu): ReLU()
          (conv2): SubMConv3d(128, 128, kernel_size=[3, 3, 3], stride=[1, 1, 1], padding=[1, 1, 1], dilation=[1, 1, 1], output_padding=[0, 0, 0], algo=ConvAlgo.MaskImplicitGemm)
          (bn2): BatchNorm1d(128, eps=0.001, momentum=0.01, affine=True, track_running_stats=True)
        )
        (4): SparseSequential(
          (0): SparseConv3d(128, 128, kernel_size=[3, 1, 1], stride=[2, 1, 1], padding=[0, 0, 0], dilation=[1, 1, 1], output_padding=[0, 0, 0], bias=False, algo=ConvAlgo.MaskImplicitGemm)
          (1): BatchNorm1d(128, eps=0.001, momentum=0.01, affine=True, track_running_stats=True)
          (2): ReLU()
        )
      )
      (stage1): SparseSequential(
        (0): SlotFormer(
          (sla_layers): ModuleList(
            (0): SFLayer(
              (self_norm_layers): ModuleList(
                (0): BatchNorm1d(128, eps=0.001, momentum=0.01, affine=True, track_running_stats=True)
                (1): BatchNorm1d(128, eps=0.001, momentum=0.01, affine=True, track_running_stats=True)
              )
              (self_attn_layers): ModuleList(
                (0): SelfAttnLayer(
                  (qkv): Linear(in_features=128, out_features=384, bias=False)
                  (proj): Linear(in_features=128, out_features=128, bias=True)
                )
                (1): SelfAttnLayer(
                  (qkv): Linear(in_features=128, out_features=384, bias=False)
                  (proj): Linear(in_features=128, out_features=128, bias=True)
                )
              )
              (ffn_layers): ModuleList(
                (0): CWI_FFN_Layer_3D(
                  (bn): BatchNorm1d(128, eps=0.001, momentum=0.01, affine=True, track_running_stats=True)
                  (conv_k): SubMConv3d(32, 32, kernel_size=[3, 3, 3], stride=[1, 1, 1], padding=[1, 1, 1], dilation=[1, 1, 1], output_padding=[0, 0, 0], algo=ConvAlgo.MaskImplicitGemm)
                  (conv_h): SubMConv3d(32, 32, kernel_size=[1, 1, 13], stride=[1, 1, 1], padding=[0, 0, 6], dilation=[1, 1, 1], output_padding=[0, 0, 0], algo=ConvAlgo.MaskImplicitGemm)
                  (conv_w): SubMConv3d(32, 32, kernel_size=[1, 13, 1], stride=[1, 1, 1], padding=[0, 6, 0], dilation=[1, 1, 1], output_padding=[0, 0, 0], algo=ConvAlgo.MaskImplicitGemm)
                  (bn2): BatchNorm1d(128, eps=0.001, momentum=0.01, affine=True, track_running_stats=True)
                  (fc1): Linear(in_features=128, out_features=256, bias=True)
                  (act): ReLU()
                  (fc2): Linear(in_features=256, out_features=128, bias=True)
                )
                (1): CWI_FFN_Layer_3D(
                  (bn): BatchNorm1d(128, eps=0.001, momentum=0.01, affine=True, track_running_stats=True)
                  (conv_k): SubMConv3d(32, 32, kernel_size=[3, 3, 3], stride=[1, 1, 1], padding=[1, 1, 1], dilation=[1, 1, 1], output_padding=[0, 0, 0], algo=ConvAlgo.MaskImplicitGemm)
                  (conv_h): SubMConv3d(32, 32, kernel_size=[1, 1, 13], stride=[1, 1, 1], padding=[0, 0, 6], dilation=[1, 1, 1], output_padding=[0, 0, 0], algo=ConvAlgo.MaskImplicitGemm)
                  (conv_w): SubMConv3d(32, 32, kernel_size=[1, 13, 1], stride=[1, 1, 1], padding=[0, 6, 0], dilation=[1, 1, 1], output_padding=[0, 0, 0], algo=ConvAlgo.MaskImplicitGemm)
                  (bn2): BatchNorm1d(128, eps=0.001, momentum=0.01, affine=True, track_running_stats=True)
                  (fc1): Linear(in_features=128, out_features=256, bias=True)
                  (act): ReLU()
                  (fc2): Linear(in_features=256, out_features=128, bias=True)
                )
              )
            )
            (1): SFLayer(
              (self_norm_layers): ModuleList(
                (0): BatchNorm1d(128, eps=0.001, momentum=0.01, affine=True, track_running_stats=True)
                (1): BatchNorm1d(128, eps=0.001, momentum=0.01, affine=True, track_running_stats=True)
              )
              (self_attn_layers): ModuleList(
                (0): SelfAttnLayer(
                  (qkv): Linear(in_features=128, out_features=384, bias=False)
                  (proj): Linear(in_features=128, out_features=128, bias=True)
                )
                (1): SelfAttnLayer(
                  (qkv): Linear(in_features=128, out_features=384, bias=False)
                  (proj): Linear(in_features=128, out_features=128, bias=True)
                )
              )
              (ffn_layers): ModuleList(
                (0): CWI_FFN_Layer_3D(
                  (bn): BatchNorm1d(128, eps=0.001, momentum=0.01, affine=True, track_running_stats=True)
                  (conv_k): SubMConv3d(32, 32, kernel_size=[3, 3, 3], stride=[1, 1, 1], padding=[1, 1, 1], dilation=[1, 1, 1], output_padding=[0, 0, 0], algo=ConvAlgo.MaskImplicitGemm)
                  (conv_h): SubMConv3d(32, 32, kernel_size=[1, 1, 13], stride=[1, 1, 1], padding=[0, 0, 6], dilation=[1, 1, 1], output_padding=[0, 0, 0], algo=ConvAlgo.MaskImplicitGemm)
                  (conv_w): SubMConv3d(32, 32, kernel_size=[1, 13, 1], stride=[1, 1, 1], padding=[0, 6, 0], dilation=[1, 1, 1], output_padding=[0, 0, 0], algo=ConvAlgo.MaskImplicitGemm)
                  (bn2): BatchNorm1d(128, eps=0.001, momentum=0.01, affine=True, track_running_stats=True)
                  (fc1): Linear(in_features=128, out_features=256, bias=True)
                  (act): ReLU()
                  (fc2): Linear(in_features=256, out_features=128, bias=True)
                )
                (1): CWI_FFN_Layer_3D(
                  (bn): BatchNorm1d(128, eps=0.001, momentum=0.01, affine=True, track_running_stats=True)
                  (conv_k): SubMConv3d(32, 32, kernel_size=[3, 3, 3], stride=[1, 1, 1], padding=[1, 1, 1], dilation=[1, 1, 1], output_padding=[0, 0, 0], algo=ConvAlgo.MaskImplicitGemm)
                  (conv_h): SubMConv3d(32, 32, kernel_size=[1, 1, 13], stride=[1, 1, 1], padding=[0, 0, 6], dilation=[1, 1, 1], output_padding=[0, 0, 0], algo=ConvAlgo.MaskImplicitGemm)
                  (conv_w): SubMConv3d(32, 32, kernel_size=[1, 13, 1], stride=[1, 1, 1], padding=[0, 6, 0], dilation=[1, 1, 1], output_padding=[0, 0, 0], algo=ConvAlgo.MaskImplicitGemm)
                  (bn2): BatchNorm1d(128, eps=0.001, momentum=0.01, affine=True, track_running_stats=True)
                  (fc1): Linear(in_features=128, out_features=256, bias=True)
                  (act): ReLU()
                  (fc2): Linear(in_features=256, out_features=128, bias=True)
                )
              )
            )
          )
        )
        (1): BatchNorm1d(128, eps=0.001, momentum=0.01, affine=True, track_running_stats=True)
        (2): SparseConv3d(128, 128, kernel_size=[3, 3, 3], stride=[2, 2, 2], padding=[1, 1, 1], dilation=[1, 1, 1], output_padding=[0, 0, 0], bias=False, algo=ConvAlgo.MaskImplicitGemm)
      )
      (stage2): SparseSequential(
        (0): SlotFormer(
          (sla_layers): ModuleList(
            (0): SFLayer(
              (self_norm_layers): ModuleList(
                (0): BatchNorm1d(128, eps=0.001, momentum=0.01, affine=True, track_running_stats=True)
                (1): BatchNorm1d(128, eps=0.001, momentum=0.01, affine=True, track_running_stats=True)
              )
              (self_attn_layers): ModuleList(
                (0): SelfAttnLayer(
                  (qkv): Linear(in_features=128, out_features=384, bias=False)
                  (proj): Linear(in_features=128, out_features=128, bias=True)
                )
                (1): SelfAttnLayer(
                  (qkv): Linear(in_features=128, out_features=384, bias=False)
                  (proj): Linear(in_features=128, out_features=128, bias=True)
                )
              )
              (ffn_layers): ModuleList(
                (0): CWI_FFN_Layer_3D(
                  (bn): BatchNorm1d(128, eps=0.001, momentum=0.01, affine=True, track_running_stats=True)
                  (conv_k): SubMConv3d(32, 32, kernel_size=[3, 3, 3], stride=[1, 1, 1], padding=[1, 1, 1], dilation=[1, 1, 1], output_padding=[0, 0, 0], algo=ConvAlgo.MaskImplicitGemm)
                  (conv_h): SubMConv3d(32, 32, kernel_size=[1, 1, 13], stride=[1, 1, 1], padding=[0, 0, 6], dilation=[1, 1, 1], output_padding=[0, 0, 0], algo=ConvAlgo.MaskImplicitGemm)
                  (conv_w): SubMConv3d(32, 32, kernel_size=[1, 13, 1], stride=[1, 1, 1], padding=[0, 6, 0], dilation=[1, 1, 1], output_padding=[0, 0, 0], algo=ConvAlgo.MaskImplicitGemm)
                  (bn2): BatchNorm1d(128, eps=0.001, momentum=0.01, affine=True, track_running_stats=True)
                  (fc1): Linear(in_features=128, out_features=256, bias=True)
                  (act): ReLU()
                  (fc2): Linear(in_features=256, out_features=128, bias=True)
                )
                (1): CWI_FFN_Layer_3D(
                  (bn): BatchNorm1d(128, eps=0.001, momentum=0.01, affine=True, track_running_stats=True)
                  (conv_k): SubMConv3d(32, 32, kernel_size=[3, 3, 3], stride=[1, 1, 1], padding=[1, 1, 1], dilation=[1, 1, 1], output_padding=[0, 0, 0], algo=ConvAlgo.MaskImplicitGemm)
                  (conv_h): SubMConv3d(32, 32, kernel_size=[1, 1, 13], stride=[1, 1, 1], padding=[0, 0, 6], dilation=[1, 1, 1], output_padding=[0, 0, 0], algo=ConvAlgo.MaskImplicitGemm)
                  (conv_w): SubMConv3d(32, 32, kernel_size=[1, 13, 1], stride=[1, 1, 1], padding=[0, 6, 0], dilation=[1, 1, 1], output_padding=[0, 0, 0], algo=ConvAlgo.MaskImplicitGemm)
                  (bn2): BatchNorm1d(128, eps=0.001, momentum=0.01, affine=True, track_running_stats=True)
                  (fc1): Linear(in_features=128, out_features=256, bias=True)
                  (act): ReLU()
                  (fc2): Linear(in_features=256, out_features=128, bias=True)
                )
              )
            )
            (1): SFLayer(
              (self_norm_layers): ModuleList(
                (0): BatchNorm1d(128, eps=0.001, momentum=0.01, affine=True, track_running_stats=True)
                (1): BatchNorm1d(128, eps=0.001, momentum=0.01, affine=True, track_running_stats=True)
              )
              (self_attn_layers): ModuleList(
                (0): SelfAttnLayer(
                  (qkv): Linear(in_features=128, out_features=384, bias=False)
                  (proj): Linear(in_features=128, out_features=128, bias=True)
                )
                (1): SelfAttnLayer(
                  (qkv): Linear(in_features=128, out_features=384, bias=False)
                  (proj): Linear(in_features=128, out_features=128, bias=True)
                )
              )
              (ffn_layers): ModuleList(
                (0): CWI_FFN_Layer_3D(
                  (bn): BatchNorm1d(128, eps=0.001, momentum=0.01, affine=True, track_running_stats=True)
                  (conv_k): SubMConv3d(32, 32, kernel_size=[3, 3, 3], stride=[1, 1, 1], padding=[1, 1, 1], dilation=[1, 1, 1], output_padding=[0, 0, 0], algo=ConvAlgo.MaskImplicitGemm)
                  (conv_h): SubMConv3d(32, 32, kernel_size=[1, 1, 13], stride=[1, 1, 1], padding=[0, 0, 6], dilation=[1, 1, 1], output_padding=[0, 0, 0], algo=ConvAlgo.MaskImplicitGemm)
                  (conv_w): SubMConv3d(32, 32, kernel_size=[1, 13, 1], stride=[1, 1, 1], padding=[0, 6, 0], dilation=[1, 1, 1], output_padding=[0, 0, 0], algo=ConvAlgo.MaskImplicitGemm)
                  (bn2): BatchNorm1d(128, eps=0.001, momentum=0.01, affine=True, track_running_stats=True)
                  (fc1): Linear(in_features=128, out_features=256, bias=True)
                  (act): ReLU()
                  (fc2): Linear(in_features=256, out_features=128, bias=True)
                )
                (1): CWI_FFN_Layer_3D(
                  (bn): BatchNorm1d(128, eps=0.001, momentum=0.01, affine=True, track_running_stats=True)
                  (conv_k): SubMConv3d(32, 32, kernel_size=[3, 3, 3], stride=[1, 1, 1], padding=[1, 1, 1], dilation=[1, 1, 1], output_padding=[0, 0, 0], algo=ConvAlgo.MaskImplicitGemm)
                  (conv_h): SubMConv3d(32, 32, kernel_size=[1, 1, 13], stride=[1, 1, 1], padding=[0, 0, 6], dilation=[1, 1, 1], output_padding=[0, 0, 0], algo=ConvAlgo.MaskImplicitGemm)
                  (conv_w): SubMConv3d(32, 32, kernel_size=[1, 13, 1], stride=[1, 1, 1], padding=[0, 6, 0], dilation=[1, 1, 1], output_padding=[0, 0, 0], algo=ConvAlgo.MaskImplicitGemm)
                  (bn2): BatchNorm1d(128, eps=0.001, momentum=0.01, affine=True, track_running_stats=True)
                  (fc1): Linear(in_features=128, out_features=256, bias=True)
                  (act): ReLU()
                  (fc2): Linear(in_features=256, out_features=128, bias=True)
                )
              )
            )
          )
        )
        (1): BatchNorm1d(128, eps=0.001, momentum=0.01, affine=True, track_running_stats=True)
      )
      (app): AttnPillarPool(
        (query_func): SparseMaxPool3d(kernel_size=[8, 1, 1], stride=[8, 1, 1], padding=[0, 0, 0], dilation=[1, 1, 1], algo=ConvAlgo.MaskImplicitGemm)
        (norm): LayerNorm((128,), eps=1e-05, elementwise_affine=True)
        (self_attn): MultiheadAttention(
          (out_proj): NonDynamicallyQuantizableLinear(in_features=128, out_features=128, bias=True)
        )
        (pos_embedding): Embedding(8, 128)
      )
      (cls_conv): SparseSequential(
        (0): SubMConv2d(128, 128, kernel_size=[3, 3], stride=[1, 1], padding=[1, 1], dilation=[1, 1], output_padding=[0, 0], bias=False, algo=ConvAlgo.MaskImplicitGemm)
        (1): BatchNorm1d(128, eps=0.001, momentum=0.01, affine=True, track_running_stats=True)
        (2): ReLU()
        (3): SubMConv2d(128, 2, kernel_size=[1, 1], stride=[1, 1], padding=[0, 0], dilation=[1, 1], output_padding=[0, 0], algo=ConvAlgo.MaskImplicitGemm)
      )
      (afd_layers): ModuleList(
        (0): SEDLayer(
          (encoder): ModuleList(
            (0): SparseSequential(
              (0): SparseBasicBlock2D(
                (conv1): SubMConv2d(128, 128, kernel_size=[3, 3], stride=[1, 1], padding=[1, 1], dilation=[1, 1], output_padding=[0, 0], bias=False, algo=ConvAlgo.MaskImplicitGemm)
                (bn1): BatchNorm1d(128, eps=0.001, momentum=0.01, affine=True, track_running_stats=True)
                (conv2): SubMConv2d(128, 128, kernel_size=[3, 3], stride=[1, 1], padding=[1, 1], dilation=[1, 1], output_padding=[0, 0], bias=False, algo=ConvAlgo.MaskImplicitGemm)
                (bn2): BatchNorm1d(128, eps=0.001, momentum=0.01, affine=True, track_running_stats=True)
                (relu): ReLU()
              )
              (1): SparseBasicBlock2D(
                (conv1): SubMConv2d(128, 128, kernel_size=[3, 3], stride=[1, 1], padding=[1, 1], dilation=[1, 1], output_padding=[0, 0], bias=False, algo=ConvAlgo.MaskImplicitGemm)
                (bn1): BatchNorm1d(128, eps=0.001, momentum=0.01, affine=True, track_running_stats=True)
                (conv2): SubMConv2d(128, 128, kernel_size=[3, 3], stride=[1, 1], padding=[1, 1], dilation=[1, 1], output_padding=[0, 0], bias=False, algo=ConvAlgo.MaskImplicitGemm)
                (bn2): BatchNorm1d(128, eps=0.001, momentum=0.01, affine=True, track_running_stats=True)
                (relu): ReLU()
              )
              (2): SparseBasicBlock2D(
                (conv1): SubMConv2d(128, 128, kernel_size=[3, 3], stride=[1, 1], padding=[1, 1], dilation=[1, 1], output_padding=[0, 0], bias=False, algo=ConvAlgo.MaskImplicitGemm)
                (bn1): BatchNorm1d(128, eps=0.001, momentum=0.01, affine=True, track_running_stats=True)
                (conv2): SubMConv2d(128, 128, kernel_size=[3, 3], stride=[1, 1], padding=[1, 1], dilation=[1, 1], output_padding=[0, 0], bias=False, algo=ConvAlgo.MaskImplicitGemm)
                (bn2): BatchNorm1d(128, eps=0.001, momentum=0.01, affine=True, track_running_stats=True)
                (relu): ReLU()
              )
              (3): SparseBasicBlock2D(
                (conv1): SubMConv2d(128, 128, kernel_size=[3, 3], stride=[1, 1], padding=[1, 1], dilation=[1, 1], output_padding=[0, 0], bias=False, algo=ConvAlgo.MaskImplicitGemm)
                (bn1): BatchNorm1d(128, eps=0.001, momentum=0.01, affine=True, track_running_stats=True)
                (conv2): SubMConv2d(128, 128, kernel_size=[3, 3], stride=[1, 1], padding=[1, 1], dilation=[1, 1], output_padding=[0, 0], bias=False, algo=ConvAlgo.MaskImplicitGemm)
                (bn2): BatchNorm1d(128, eps=0.001, momentum=0.01, affine=True, track_running_stats=True)
                (relu): ReLU()
              )
              (4): SparseBasicBlock2D(
                (conv1): SubMConv2d(128, 128, kernel_size=[3, 3], stride=[1, 1], padding=[1, 1], dilation=[1, 1], output_padding=[0, 0], bias=False, algo=ConvAlgo.MaskImplicitGemm)
                (bn1): BatchNorm1d(128, eps=0.001, momentum=0.01, affine=True, track_running_stats=True)
                (conv2): SubMConv2d(128, 128, kernel_size=[3, 3], stride=[1, 1], padding=[1, 1], dilation=[1, 1], output_padding=[0, 0], bias=False, algo=ConvAlgo.MaskImplicitGemm)
                (bn2): BatchNorm1d(128, eps=0.001, momentum=0.01, affine=True, track_running_stats=True)
                (relu): ReLU()
              )
              (5): SparseBasicBlock2D(
                (conv1): SubMConv2d(128, 128, kernel_size=[3, 3], stride=[1, 1], padding=[1, 1], dilation=[1, 1], output_padding=[0, 0], bias=False, algo=ConvAlgo.MaskImplicitGemm)
                (bn1): BatchNorm1d(128, eps=0.001, momentum=0.01, affine=True, track_running_stats=True)
                (conv2): SubMConv2d(128, 128, kernel_size=[3, 3], stride=[1, 1], padding=[1, 1], dilation=[1, 1], output_padding=[0, 0], bias=False, algo=ConvAlgo.MaskImplicitGemm)
                (bn2): BatchNorm1d(128, eps=0.001, momentum=0.01, affine=True, track_running_stats=True)
                (relu): ReLU()
              )
              (6): SparseBasicBlock2D(
                (conv1): SubMConv2d(128, 128, kernel_size=[3, 3], stride=[1, 1], padding=[1, 1], dilation=[1, 1], output_padding=[0, 0], bias=False, algo=ConvAlgo.MaskImplicitGemm)
                (bn1): BatchNorm1d(128, eps=0.001, momentum=0.01, affine=True, track_running_stats=True)
                (conv2): SubMConv2d(128, 128, kernel_size=[3, 3], stride=[1, 1], padding=[1, 1], dilation=[1, 1], output_padding=[0, 0], bias=False, algo=ConvAlgo.MaskImplicitGemm)
                (bn2): BatchNorm1d(128, eps=0.001, momentum=0.01, affine=True, track_running_stats=True)
                (relu): ReLU()
              )
              (7): SparseBasicBlock2D(
                (conv1): SubMConv2d(128, 128, kernel_size=[3, 3], stride=[1, 1], padding=[1, 1], dilation=[1, 1], output_padding=[0, 0], bias=False, algo=ConvAlgo.MaskImplicitGemm)
                (bn1): BatchNorm1d(128, eps=0.001, momentum=0.01, affine=True, track_running_stats=True)
                (conv2): SubMConv2d(128, 128, kernel_size=[3, 3], stride=[1, 1], padding=[1, 1], dilation=[1, 1], output_padding=[0, 0], bias=False, algo=ConvAlgo.MaskImplicitGemm)
                (bn2): BatchNorm1d(128, eps=0.001, momentum=0.01, affine=True, track_running_stats=True)
                (relu): ReLU()
              )
            )
            (1): SparseSequential(
              (0): SparseSequential(
                (0): SparseConv2d(128, 128, kernel_size=[3, 3], stride=[2, 2], padding=[1, 1], dilation=[1, 1], output_padding=[0, 0], bias=False, algo=ConvAlgo.MaskImplicitGemm)
                (1): BatchNorm1d(128, eps=0.001, momentum=0.01, affine=True, track_running_stats=True)
                (2): ReLU()
              )
              (1): SparseBasicBlock2D(
                (conv1): SubMConv2d(128, 128, kernel_size=[3, 3], stride=[1, 1], padding=[1, 1], dilation=[1, 1], output_padding=[0, 0], bias=False, algo=ConvAlgo.MaskImplicitGemm)
                (bn1): BatchNorm1d(128, eps=0.001, momentum=0.01, affine=True, track_running_stats=True)
                (conv2): SubMConv2d(128, 128, kernel_size=[3, 3], stride=[1, 1], padding=[1, 1], dilation=[1, 1], output_padding=[0, 0], bias=False, algo=ConvAlgo.MaskImplicitGemm)
                (bn2): BatchNorm1d(128, eps=0.001, momentum=0.01, affine=True, track_running_stats=True)
                (relu): ReLU()
              )
              (2): SparseBasicBlock2D(
                (conv1): SubMConv2d(128, 128, kernel_size=[3, 3], stride=[1, 1], padding=[1, 1], dilation=[1, 1], output_padding=[0, 0], bias=False, algo=ConvAlgo.MaskImplicitGemm)
                (bn1): BatchNorm1d(128, eps=0.001, momentum=0.01, affine=True, track_running_stats=True)
                (conv2): SubMConv2d(128, 128, kernel_size=[3, 3], stride=[1, 1], padding=[1, 1], dilation=[1, 1], output_padding=[0, 0], bias=False, algo=ConvAlgo.MaskImplicitGemm)
                (bn2): BatchNorm1d(128, eps=0.001, momentum=0.01, affine=True, track_running_stats=True)
                (relu): ReLU()
              )
              (3): SparseBasicBlock2D(
                (conv1): SubMConv2d(128, 128, kernel_size=[3, 3], stride=[1, 1], padding=[1, 1], dilation=[1, 1], output_padding=[0, 0], bias=False, algo=ConvAlgo.MaskImplicitGemm)
                (bn1): BatchNorm1d(128, eps=0.001, momentum=0.01, affine=True, track_running_stats=True)
                (conv2): SubMConv2d(128, 128, kernel_size=[3, 3], stride=[1, 1], padding=[1, 1], dilation=[1, 1], output_padding=[0, 0], bias=False, algo=ConvAlgo.MaskImplicitGemm)
                (bn2): BatchNorm1d(128, eps=0.001, momentum=0.01, affine=True, track_running_stats=True)
                (relu): ReLU()
              )
              (4): SparseBasicBlock2D(
                (conv1): SubMConv2d(128, 128, kernel_size=[3, 3], stride=[1, 1], padding=[1, 1], dilation=[1, 1], output_padding=[0, 0], bias=False, algo=ConvAlgo.MaskImplicitGemm)
                (bn1): BatchNorm1d(128, eps=0.001, momentum=0.01, affine=True, track_running_stats=True)
                (conv2): SubMConv2d(128, 128, kernel_size=[3, 3], stride=[1, 1], padding=[1, 1], dilation=[1, 1], output_padding=[0, 0], bias=False, algo=ConvAlgo.MaskImplicitGemm)
                (bn2): BatchNorm1d(128, eps=0.001, momentum=0.01, affine=True, track_running_stats=True)
                (relu): ReLU()
              )
            )
            (2): SparseSequential(
              (0): SparseSequential(
                (0): SparseConv2d(128, 128, kernel_size=[3, 3], stride=[2, 2], padding=[1, 1], dilation=[1, 1], output_padding=[0, 0], bias=False, algo=ConvAlgo.MaskImplicitGemm)
                (1): BatchNorm1d(128, eps=0.001, momentum=0.01, affine=True, track_running_stats=True)
                (2): ReLU()
              )
              (1): SparseBasicBlock2D(
                (conv1): SubMConv2d(128, 128, kernel_size=[3, 3], stride=[1, 1], padding=[1, 1], dilation=[1, 1], output_padding=[0, 0], bias=False, algo=ConvAlgo.MaskImplicitGemm)
                (bn1): BatchNorm1d(128, eps=0.001, momentum=0.01, affine=True, track_running_stats=True)
                (conv2): SubMConv2d(128, 128, kernel_size=[3, 3], stride=[1, 1], padding=[1, 1], dilation=[1, 1], output_padding=[0, 0], bias=False, algo=ConvAlgo.MaskImplicitGemm)
                (bn2): BatchNorm1d(128, eps=0.001, momentum=0.01, affine=True, track_running_stats=True)
                (relu): ReLU()
              )
              (2): SparseBasicBlock2D(
                (conv1): SubMConv2d(128, 128, kernel_size=[3, 3], stride=[1, 1], padding=[1, 1], dilation=[1, 1], output_padding=[0, 0], bias=False, algo=ConvAlgo.MaskImplicitGemm)
                (bn1): BatchNorm1d(128, eps=0.001, momentum=0.01, affine=True, track_running_stats=True)
                (conv2): SubMConv2d(128, 128, kernel_size=[3, 3], stride=[1, 1], padding=[1, 1], dilation=[1, 1], output_padding=[0, 0], bias=False, algo=ConvAlgo.MaskImplicitGemm)
                (bn2): BatchNorm1d(128, eps=0.001, momentum=0.01, affine=True, track_running_stats=True)
                (relu): ReLU()
              )
              (3): SparseBasicBlock2D(
                (conv1): SubMConv2d(128, 128, kernel_size=[3, 3], stride=[1, 1], padding=[1, 1], dilation=[1, 1], output_padding=[0, 0], bias=False, algo=ConvAlgo.MaskImplicitGemm)
                (bn1): BatchNorm1d(128, eps=0.001, momentum=0.01, affine=True, track_running_stats=True)
                (conv2): SubMConv2d(128, 128, kernel_size=[3, 3], stride=[1, 1], padding=[1, 1], dilation=[1, 1], output_padding=[0, 0], bias=False, algo=ConvAlgo.MaskImplicitGemm)
                (bn2): BatchNorm1d(128, eps=0.001, momentum=0.01, affine=True, track_running_stats=True)
                (relu): ReLU()
              )
              (4): SparseBasicBlock2D(
                (conv1): SubMConv2d(128, 128, kernel_size=[3, 3], stride=[1, 1], padding=[1, 1], dilation=[1, 1], output_padding=[0, 0], bias=False, algo=ConvAlgo.MaskImplicitGemm)
                (bn1): BatchNorm1d(128, eps=0.001, momentum=0.01, affine=True, track_running_stats=True)
                (conv2): SubMConv2d(128, 128, kernel_size=[3, 3], stride=[1, 1], padding=[1, 1], dilation=[1, 1], output_padding=[0, 0], bias=False, algo=ConvAlgo.MaskImplicitGemm)
                (bn2): BatchNorm1d(128, eps=0.001, momentum=0.01, affine=True, track_running_stats=True)
                (relu): ReLU()
              )
            )
          )
          (decoder): ModuleList(
            (0): SparseSequential(
              (0): SparseInverseConv2d(128, 128, kernel_size=[3, 3], stride=[1, 1], padding=[0, 0], dilation=[1, 1], output_padding=[0, 0], bias=False, algo=ConvAlgo.MaskImplicitGemm)
              (1): BatchNorm1d(128, eps=0.001, momentum=0.01, affine=True, track_running_stats=True)
              (2): ReLU()
            )
            (1): SparseSequential(
              (0): SparseInverseConv2d(128, 128, kernel_size=[3, 3], stride=[1, 1], padding=[0, 0], dilation=[1, 1], output_padding=[0, 0], bias=False, algo=ConvAlgo.MaskImplicitGemm)
              (1): BatchNorm1d(128, eps=0.001, momentum=0.01, affine=True, track_running_stats=True)
              (2): ReLU()
            )
          )
          (decoder_norm): ModuleList(
            (0): BatchNorm1d(128, eps=0.001, momentum=0.01, affine=True, track_running_stats=True)
            (1): BatchNorm1d(128, eps=0.001, momentum=0.01, affine=True, track_running_stats=True)
          )
        )
      )
      (up_block): SparseSequential(
        (0): SparseConv2d(128, 128, kernel_size=[3, 3], stride=[1, 1], padding=[1, 1], dilation=[1, 1], output_padding=[0, 0], bias=False, algo=ConvAlgo.MaskImplicitGemm)
        (1): BatchNorm1d(128, eps=0.001, momentum=0.01, affine=True, track_running_stats=True)
        (2): ReLU()
      )
      (shared_conv): SparseSequential(
        (0): SubMConv2d(128, 128, kernel_size=[3, 3], stride=[1, 1], padding=[1, 1], dilation=[1, 1], output_padding=[0, 0], bias=False, algo=ConvAlgo.MaskImplicitGemm)
        (1): BatchNorm1d(128, eps=0.001, momentum=0.01, affine=True, track_running_stats=True)
        (2): ReLU()
      )
    )
    (map_to_bev_module): None
    (pfe): None
    (backbone_2d): None
    (dense_head): SparseDynamicHead(
      (heads_list): ModuleList(
        (0): SeparateHead(
          (bbox): Sequential(
            (0): SparseSequential(
              (0): SubMConv2d(128, 128, kernel_size=[3, 3], stride=[1, 1], padding=[1, 1], dilation=[1, 1], output_padding=[0, 0], bias=False, algo=ConvAlgo.MaskImplicitGemm)
              (1): BatchNorm1d(128, eps=0.001, momentum=0.01, affine=True, track_running_stats=True)
              (2): ReLU()
            )
            (1): SubMConv2d(128, 8, kernel_size=[1, 1], stride=[1, 1], padding=[0, 0], dilation=[1, 1], output_padding=[0, 0], algo=ConvAlgo.MaskImplicitGemm)
          )
          (iou): Sequential(
            (0): SparseSequential(
              (0): SubMConv2d(128, 128, kernel_size=[3, 3], stride=[1, 1], padding=[1, 1], dilation=[1, 1], output_padding=[0, 0], bias=False, algo=ConvAlgo.MaskImplicitGemm)
              (1): BatchNorm1d(128, eps=0.001, momentum=0.01, affine=True, track_running_stats=True)
              (2): ReLU()
            )
            (1): SubMConv2d(128, 1, kernel_size=[1, 1], stride=[1, 1], padding=[0, 0], dilation=[1, 1], output_padding=[0, 0], algo=ConvAlgo.MaskImplicitGemm)
          )
          (heatmap): Sequential(
            (0): SparseSequential(
              (0): SubMConv2d(128, 128, kernel_size=[3, 3], stride=[1, 1], padding=[1, 1], dilation=[1, 1], output_padding=[0, 0], bias=False, algo=ConvAlgo.MaskImplicitGemm)
              (1): BatchNorm1d(128, eps=0.001, momentum=0.01, affine=True, track_running_stats=True)
              (2): ReLU()
            )
            (1): SubMConv2d(128, 3, kernel_size=[1, 1], stride=[1, 1], padding=[0, 0], dilation=[1, 1], output_padding=[0, 0], algo=ConvAlgo.MaskImplicitGemm)
          )
        )
      )
      (get_dynamic_masks): DynamicPositiveMask()
      (hm_loss_func): FocalLossSparse()
      (reg_loss_func): RWIoULoss()
      (crit_iou): SlotFormerIoULoss()
    )
    (point_head): None
    (roi_head): None
  )
)
2025-06-03 10:45:53,030   INFO  **********************Start training fshnet_models/fshnet_base(default)**********************
2025-06-03 10:50:55,280   INFO  Save latest model to /home/liush/FSHNet/output/fshnet_models/fshnet_base/default/ckpt/latest_model
2025-06-03 10:55:55,775   INFO  Save latest model to /home/liush/FSHNet/output/fshnet_models/fshnet_base/default/ckpt/latest_model
2025-06-03 11:00:55,626   INFO  Save latest model to /home/liush/FSHNet/output/fshnet_models/fshnet_base/default/ckpt/latest_model
2025-06-03 11:05:55,616   INFO  Save latest model to /home/liush/FSHNet/output/fshnet_models/fshnet_base/default/ckpt/latest_model
2025-06-03 11:10:56,771   INFO  Save latest model to /home/liush/FSHNet/output/fshnet_models/fshnet_base/default/ckpt/latest_model
2025-06-03 11:15:56,341   INFO  Save latest model to /home/liush/FSHNet/output/fshnet_models/fshnet_base/default/ckpt/latest_model
2025-06-03 11:20:56,960   INFO  Save latest model to /home/liush/FSHNet/output/fshnet_models/fshnet_base/default/ckpt/latest_model
2025-06-03 11:25:56,372   INFO  Save latest model to /home/liush/FSHNet/output/fshnet_models/fshnet_base/default/ckpt/latest_model
2025-06-03 11:30:56,774   INFO  Save latest model to /home/liush/FSHNet/output/fshnet_models/fshnet_base/default/ckpt/latest_model
2025-06-03 11:35:56,547   INFO  Save latest model to /home/liush/FSHNet/output/fshnet_models/fshnet_base/default/ckpt/latest_model
2025-06-03 11:40:55,512   INFO  Save latest model to /home/liush/FSHNet/output/fshnet_models/fshnet_base/default/ckpt/latest_model
2025-06-03 11:45:56,486   INFO  Save latest model to /home/liush/FSHNet/output/fshnet_models/fshnet_base/default/ckpt/latest_model
2025-06-03 11:50:56,132   INFO  Save latest model to /home/liush/FSHNet/output/fshnet_models/fshnet_base/default/ckpt/latest_model
2025-06-03 11:55:55,890   INFO  Save latest model to /home/liush/FSHNet/output/fshnet_models/fshnet_base/default/ckpt/latest_model
2025-06-03 12:00:56,066   INFO  Save latest model to /home/liush/FSHNet/output/fshnet_models/fshnet_base/default/ckpt/latest_model
2025-06-03 12:05:55,515   INFO  Save latest model to /home/liush/FSHNet/output/fshnet_models/fshnet_base/default/ckpt/latest_model
2025-06-03 12:10:55,694   INFO  Save latest model to /home/liush/FSHNet/output/fshnet_models/fshnet_base/default/ckpt/latest_model
2025-06-03 12:15:56,810   INFO  Save latest model to /home/liush/FSHNet/output/fshnet_models/fshnet_base/default/ckpt/latest_model
2025-06-03 12:20:56,635   INFO  Save latest model to /home/liush/FSHNet/output/fshnet_models/fshnet_base/default/ckpt/latest_model
2025-06-03 12:25:56,574   INFO  Save latest model to /home/liush/FSHNet/output/fshnet_models/fshnet_base/default/ckpt/latest_model
2025-06-03 12:30:55,683   INFO  Save latest model to /home/liush/FSHNet/output/fshnet_models/fshnet_base/default/ckpt/latest_model
2025-06-03 12:35:56,634   INFO  Save latest model to /home/liush/FSHNet/output/fshnet_models/fshnet_base/default/ckpt/latest_model
2025-06-03 12:40:56,124   INFO  Save latest model to /home/liush/FSHNet/output/fshnet_models/fshnet_base/default/ckpt/latest_model
2025-06-03 12:44:47,090   INFO  epoch0_losses: 3.687842906402012
2025-06-03 12:49:49,188   INFO  Save latest model to /home/liush/FSHNet/output/fshnet_models/fshnet_base/default/ckpt/latest_model
2025-06-03 12:54:49,475   INFO  Save latest model to /home/liush/FSHNet/output/fshnet_models/fshnet_base/default/ckpt/latest_model
2025-06-03 12:59:49,485   INFO  Save latest model to /home/liush/FSHNet/output/fshnet_models/fshnet_base/default/ckpt/latest_model
2025-06-03 13:04:49,233   INFO  Save latest model to /home/liush/FSHNet/output/fshnet_models/fshnet_base/default/ckpt/latest_model
2025-06-03 13:09:48,979   INFO  Save latest model to /home/liush/FSHNet/output/fshnet_models/fshnet_base/default/ckpt/latest_model
2025-06-03 13:14:49,358   INFO  Save latest model to /home/liush/FSHNet/output/fshnet_models/fshnet_base/default/ckpt/latest_model
2025-06-03 13:19:50,134   INFO  Save latest model to /home/liush/FSHNet/output/fshnet_models/fshnet_base/default/ckpt/latest_model
2025-06-03 13:24:49,368   INFO  Save latest model to /home/liush/FSHNet/output/fshnet_models/fshnet_base/default/ckpt/latest_model
2025-06-03 13:29:50,109   INFO  Save latest model to /home/liush/FSHNet/output/fshnet_models/fshnet_base/default/ckpt/latest_model
2025-06-03 13:34:50,356   INFO  Save latest model to /home/liush/FSHNet/output/fshnet_models/fshnet_base/default/ckpt/latest_model
2025-06-03 13:39:49,704   INFO  Save latest model to /home/liush/FSHNet/output/fshnet_models/fshnet_base/default/ckpt/latest_model
2025-06-03 13:44:54,180   INFO  Save latest model to /home/liush/FSHNet/output/fshnet_models/fshnet_base/default/ckpt/latest_model
2025-06-03 13:49:49,722   INFO  Save latest model to /home/liush/FSHNet/output/fshnet_models/fshnet_base/default/ckpt/latest_model
2025-06-03 13:54:49,096   INFO  Save latest model to /home/liush/FSHNet/output/fshnet_models/fshnet_base/default/ckpt/latest_model
2025-06-03 13:59:50,086   INFO  Save latest model to /home/liush/FSHNet/output/fshnet_models/fshnet_base/default/ckpt/latest_model
2025-06-03 14:04:50,579   INFO  Save latest model to /home/liush/FSHNet/output/fshnet_models/fshnet_base/default/ckpt/latest_model
2025-06-03 14:09:53,318   INFO  Save latest model to /home/liush/FSHNet/output/fshnet_models/fshnet_base/default/ckpt/latest_model
2025-06-03 14:15:00,825   INFO  Save latest model to /home/liush/FSHNet/output/fshnet_models/fshnet_base/default/ckpt/latest_model
2025-06-03 14:19:49,462   INFO  Save latest model to /home/liush/FSHNet/output/fshnet_models/fshnet_base/default/ckpt/latest_model
2025-06-03 14:24:50,736   INFO  Save latest model to /home/liush/FSHNet/output/fshnet_models/fshnet_base/default/ckpt/latest_model
2025-06-03 14:29:55,925   INFO  Save latest model to /home/liush/FSHNet/output/fshnet_models/fshnet_base/default/ckpt/latest_model
2025-06-03 14:34:50,300   INFO  Save latest model to /home/liush/FSHNet/output/fshnet_models/fshnet_base/default/ckpt/latest_model
2025-06-03 14:39:49,750   INFO  Save latest model to /home/liush/FSHNet/output/fshnet_models/fshnet_base/default/ckpt/latest_model
2025-06-03 14:43:43,977   INFO  epoch1_losses: 2.164074073965022
2025-06-03 14:48:47,265   INFO  Save latest model to /home/liush/FSHNet/output/fshnet_models/fshnet_base/default/ckpt/latest_model
2025-06-03 14:53:46,055   INFO  Save latest model to /home/liush/FSHNet/output/fshnet_models/fshnet_base/default/ckpt/latest_model
2025-06-03 14:58:46,558   INFO  Save latest model to /home/liush/FSHNet/output/fshnet_models/fshnet_base/default/ckpt/latest_model
2025-06-03 15:03:46,126   INFO  Save latest model to /home/liush/FSHNet/output/fshnet_models/fshnet_base/default/ckpt/latest_model
2025-06-03 15:08:46,704   INFO  Save latest model to /home/liush/FSHNet/output/fshnet_models/fshnet_base/default/ckpt/latest_model
2025-06-03 15:13:47,382   INFO  Save latest model to /home/liush/FSHNet/output/fshnet_models/fshnet_base/default/ckpt/latest_model
2025-06-03 15:18:46,591   INFO  Save latest model to /home/liush/FSHNet/output/fshnet_models/fshnet_base/default/ckpt/latest_model
2025-06-03 15:23:46,219   INFO  Save latest model to /home/liush/FSHNet/output/fshnet_models/fshnet_base/default/ckpt/latest_model
2025-06-03 15:28:46,418   INFO  Save latest model to /home/liush/FSHNet/output/fshnet_models/fshnet_base/default/ckpt/latest_model
2025-06-03 15:33:47,091   INFO  Save latest model to /home/liush/FSHNet/output/fshnet_models/fshnet_base/default/ckpt/latest_model
2025-06-03 15:38:47,075   INFO  Save latest model to /home/liush/FSHNet/output/fshnet_models/fshnet_base/default/ckpt/latest_model
2025-06-03 15:43:46,999   INFO  Save latest model to /home/liush/FSHNet/output/fshnet_models/fshnet_base/default/ckpt/latest_model
2025-06-03 15:48:46,662   INFO  Save latest model to /home/liush/FSHNet/output/fshnet_models/fshnet_base/default/ckpt/latest_model
2025-06-03 15:53:47,410   INFO  Save latest model to /home/liush/FSHNet/output/fshnet_models/fshnet_base/default/ckpt/latest_model
2025-06-03 15:58:47,024   INFO  Save latest model to /home/liush/FSHNet/output/fshnet_models/fshnet_base/default/ckpt/latest_model
2025-06-03 16:03:46,430   INFO  Save latest model to /home/liush/FSHNet/output/fshnet_models/fshnet_base/default/ckpt/latest_model
2025-06-03 16:08:47,232   INFO  Save latest model to /home/liush/FSHNet/output/fshnet_models/fshnet_base/default/ckpt/latest_model
2025-06-03 16:13:47,049   INFO  Save latest model to /home/liush/FSHNet/output/fshnet_models/fshnet_base/default/ckpt/latest_model
2025-06-03 16:18:47,107   INFO  Save latest model to /home/liush/FSHNet/output/fshnet_models/fshnet_base/default/ckpt/latest_model
2025-06-03 16:23:46,969   INFO  Save latest model to /home/liush/FSHNet/output/fshnet_models/fshnet_base/default/ckpt/latest_model
2025-06-03 16:28:46,082   INFO  Save latest model to /home/liush/FSHNet/output/fshnet_models/fshnet_base/default/ckpt/latest_model
2025-06-03 16:33:46,298   INFO  Save latest model to /home/liush/FSHNet/output/fshnet_models/fshnet_base/default/ckpt/latest_model
2025-06-03 16:38:47,161   INFO  Save latest model to /home/liush/FSHNet/output/fshnet_models/fshnet_base/default/ckpt/latest_model
2025-06-03 16:42:10,101   INFO  epoch2_losses: 2.013750124679744
2025-06-03 16:47:12,712   INFO  Save latest model to /home/liush/FSHNet/output/fshnet_models/fshnet_base/default/ckpt/latest_model
2025-06-03 16:52:12,454   INFO  Save latest model to /home/liush/FSHNet/output/fshnet_models/fshnet_base/default/ckpt/latest_model
2025-06-03 16:57:13,278   INFO  Save latest model to /home/liush/FSHNet/output/fshnet_models/fshnet_base/default/ckpt/latest_model
2025-06-03 17:02:13,212   INFO  Save latest model to /home/liush/FSHNet/output/fshnet_models/fshnet_base/default/ckpt/latest_model
2025-06-03 17:07:13,285   INFO  Save latest model to /home/liush/FSHNet/output/fshnet_models/fshnet_base/default/ckpt/latest_model
2025-06-03 17:12:13,055   INFO  Save latest model to /home/liush/FSHNet/output/fshnet_models/fshnet_base/default/ckpt/latest_model
2025-06-03 17:17:12,999   INFO  Save latest model to /home/liush/FSHNet/output/fshnet_models/fshnet_base/default/ckpt/latest_model
2025-06-03 17:22:12,257   INFO  Save latest model to /home/liush/FSHNet/output/fshnet_models/fshnet_base/default/ckpt/latest_model
2025-06-03 17:27:12,508   INFO  Save latest model to /home/liush/FSHNet/output/fshnet_models/fshnet_base/default/ckpt/latest_model
2025-06-03 17:32:13,663   INFO  Save latest model to /home/liush/FSHNet/output/fshnet_models/fshnet_base/default/ckpt/latest_model
2025-06-03 17:37:12,892   INFO  Save latest model to /home/liush/FSHNet/output/fshnet_models/fshnet_base/default/ckpt/latest_model
2025-06-03 17:42:12,269   INFO  Save latest model to /home/liush/FSHNet/output/fshnet_models/fshnet_base/default/ckpt/latest_model
2025-06-03 17:47:12,757   INFO  Save latest model to /home/liush/FSHNet/output/fshnet_models/fshnet_base/default/ckpt/latest_model
2025-06-03 17:52:12,283   INFO  Save latest model to /home/liush/FSHNet/output/fshnet_models/fshnet_base/default/ckpt/latest_model
2025-06-03 17:57:13,157   INFO  Save latest model to /home/liush/FSHNet/output/fshnet_models/fshnet_base/default/ckpt/latest_model
2025-06-03 18:02:12,535   INFO  Save latest model to /home/liush/FSHNet/output/fshnet_models/fshnet_base/default/ckpt/latest_model
2025-06-03 18:07:13,199   INFO  Save latest model to /home/liush/FSHNet/output/fshnet_models/fshnet_base/default/ckpt/latest_model
2025-06-03 18:12:12,701   INFO  Save latest model to /home/liush/FSHNet/output/fshnet_models/fshnet_base/default/ckpt/latest_model
2025-06-03 18:17:13,548   INFO  Save latest model to /home/liush/FSHNet/output/fshnet_models/fshnet_base/default/ckpt/latest_model
2025-06-03 18:22:13,021   INFO  Save latest model to /home/liush/FSHNet/output/fshnet_models/fshnet_base/default/ckpt/latest_model
2025-06-03 18:27:13,490   INFO  Save latest model to /home/liush/FSHNet/output/fshnet_models/fshnet_base/default/ckpt/latest_model
2025-06-03 18:32:13,086   INFO  Save latest model to /home/liush/FSHNet/output/fshnet_models/fshnet_base/default/ckpt/latest_model
2025-06-03 18:37:13,359   INFO  Save latest model to /home/liush/FSHNet/output/fshnet_models/fshnet_base/default/ckpt/latest_model
2025-06-03 18:41:04,147   INFO  epoch3_losses: 1.9577404160389555
2025-06-03 18:46:06,822   INFO  Save latest model to /home/liush/FSHNet/output/fshnet_models/fshnet_base/default/ckpt/latest_model
2025-06-03 18:51:07,407   INFO  Save latest model to /home/liush/FSHNet/output/fshnet_models/fshnet_base/default/ckpt/latest_model
2025-06-03 18:56:07,024   INFO  Save latest model to /home/liush/FSHNet/output/fshnet_models/fshnet_base/default/ckpt/latest_model
2025-06-03 19:01:07,619   INFO  Save latest model to /home/liush/FSHNet/output/fshnet_models/fshnet_base/default/ckpt/latest_model
2025-06-03 19:06:07,113   INFO  Save latest model to /home/liush/FSHNet/output/fshnet_models/fshnet_base/default/ckpt/latest_model
2025-06-03 19:11:07,755   INFO  Save latest model to /home/liush/FSHNet/output/fshnet_models/fshnet_base/default/ckpt/latest_model
2025-06-03 19:16:06,922   INFO  Save latest model to /home/liush/FSHNet/output/fshnet_models/fshnet_base/default/ckpt/latest_model
2025-06-03 19:21:06,386   INFO  Save latest model to /home/liush/FSHNet/output/fshnet_models/fshnet_base/default/ckpt/latest_model
2025-06-03 19:26:12,158   INFO  Save latest model to /home/liush/FSHNet/output/fshnet_models/fshnet_base/default/ckpt/latest_model
2025-06-03 19:31:06,686   INFO  Save latest model to /home/liush/FSHNet/output/fshnet_models/fshnet_base/default/ckpt/latest_model
2025-06-03 19:36:07,216   INFO  Save latest model to /home/liush/FSHNet/output/fshnet_models/fshnet_base/default/ckpt/latest_model
2025-06-03 19:41:07,073   INFO  Save latest model to /home/liush/FSHNet/output/fshnet_models/fshnet_base/default/ckpt/latest_model
2025-06-03 19:46:07,663   INFO  Save latest model to /home/liush/FSHNet/output/fshnet_models/fshnet_base/default/ckpt/latest_model
2025-06-03 19:51:07,913   INFO  Save latest model to /home/liush/FSHNet/output/fshnet_models/fshnet_base/default/ckpt/latest_model
2025-06-03 19:56:07,577   INFO  Save latest model to /home/liush/FSHNet/output/fshnet_models/fshnet_base/default/ckpt/latest_model
2025-06-03 20:01:16,178   INFO  Save latest model to /home/liush/FSHNet/output/fshnet_models/fshnet_base/default/ckpt/latest_model
2025-06-03 20:06:12,701   INFO  Save latest model to /home/liush/FSHNet/output/fshnet_models/fshnet_base/default/ckpt/latest_model
2025-06-03 20:11:10,873   INFO  Save latest model to /home/liush/FSHNet/output/fshnet_models/fshnet_base/default/ckpt/latest_model
2025-06-03 20:16:07,367   INFO  Save latest model to /home/liush/FSHNet/output/fshnet_models/fshnet_base/default/ckpt/latest_model
2025-06-03 20:21:11,965   INFO  Save latest model to /home/liush/FSHNet/output/fshnet_models/fshnet_base/default/ckpt/latest_model
2025-06-03 20:26:07,431   INFO  Save latest model to /home/liush/FSHNet/output/fshnet_models/fshnet_base/default/ckpt/latest_model
2025-06-03 20:31:07,212   INFO  Save latest model to /home/liush/FSHNet/output/fshnet_models/fshnet_base/default/ckpt/latest_model
2025-06-03 20:36:06,519   INFO  Save latest model to /home/liush/FSHNet/output/fshnet_models/fshnet_base/default/ckpt/latest_model
2025-06-03 20:41:07,318   INFO  Save latest model to /home/liush/FSHNet/output/fshnet_models/fshnet_base/default/ckpt/latest_model
2025-06-03 20:42:09,885   INFO  epoch4_losses: 1.9120347513117015
2025-06-03 20:47:13,899   INFO  Save latest model to /home/liush/FSHNet/output/fshnet_models/fshnet_base/default/ckpt/latest_model
2025-06-03 20:52:15,008   INFO  Save latest model to /home/liush/FSHNet/output/fshnet_models/fshnet_base/default/ckpt/latest_model
2025-06-03 20:57:13,218   INFO  Save latest model to /home/liush/FSHNet/output/fshnet_models/fshnet_base/default/ckpt/latest_model
2025-06-03 21:02:13,525   INFO  Save latest model to /home/liush/FSHNet/output/fshnet_models/fshnet_base/default/ckpt/latest_model
2025-06-03 21:07:13,747   INFO  Save latest model to /home/liush/FSHNet/output/fshnet_models/fshnet_base/default/ckpt/latest_model
2025-06-03 21:12:12,550   INFO  Save latest model to /home/liush/FSHNet/output/fshnet_models/fshnet_base/default/ckpt/latest_model
2025-06-03 21:17:12,404   INFO  Save latest model to /home/liush/FSHNet/output/fshnet_models/fshnet_base/default/ckpt/latest_model
2025-06-03 21:22:18,781   INFO  Save latest model to /home/liush/FSHNet/output/fshnet_models/fshnet_base/default/ckpt/latest_model
2025-06-03 21:27:13,667   INFO  Save latest model to /home/liush/FSHNet/output/fshnet_models/fshnet_base/default/ckpt/latest_model
2025-06-03 21:32:12,691   INFO  Save latest model to /home/liush/FSHNet/output/fshnet_models/fshnet_base/default/ckpt/latest_model
2025-06-03 21:37:12,955   INFO  Save latest model to /home/liush/FSHNet/output/fshnet_models/fshnet_base/default/ckpt/latest_model
2025-06-03 21:42:13,384   INFO  Save latest model to /home/liush/FSHNet/output/fshnet_models/fshnet_base/default/ckpt/latest_model
2025-06-03 21:47:12,871   INFO  Save latest model to /home/liush/FSHNet/output/fshnet_models/fshnet_base/default/ckpt/latest_model
2025-06-03 21:52:12,834   INFO  Save latest model to /home/liush/FSHNet/output/fshnet_models/fshnet_base/default/ckpt/latest_model
2025-06-03 21:57:12,575   INFO  Save latest model to /home/liush/FSHNet/output/fshnet_models/fshnet_base/default/ckpt/latest_model
2025-06-03 22:02:12,757   INFO  Save latest model to /home/liush/FSHNet/output/fshnet_models/fshnet_base/default/ckpt/latest_model
2025-06-03 22:07:13,359   INFO  Save latest model to /home/liush/FSHNet/output/fshnet_models/fshnet_base/default/ckpt/latest_model
2025-06-03 22:12:13,281   INFO  Save latest model to /home/liush/FSHNet/output/fshnet_models/fshnet_base/default/ckpt/latest_model
2025-06-03 22:17:13,463   INFO  Save latest model to /home/liush/FSHNet/output/fshnet_models/fshnet_base/default/ckpt/latest_model
2025-06-03 22:22:13,273   INFO  Save latest model to /home/liush/FSHNet/output/fshnet_models/fshnet_base/default/ckpt/latest_model
2025-06-03 22:27:13,141   INFO  Save latest model to /home/liush/FSHNet/output/fshnet_models/fshnet_base/default/ckpt/latest_model
2025-06-03 22:32:13,617   INFO  Save latest model to /home/liush/FSHNet/output/fshnet_models/fshnet_base/default/ckpt/latest_model
2025-06-03 22:37:13,410   INFO  Save latest model to /home/liush/FSHNet/output/fshnet_models/fshnet_base/default/ckpt/latest_model
2025-06-03 22:40:53,402   INFO  epoch5_losses: 1.8696465993718903
2025-06-03 22:45:56,804   INFO  Save latest model to /home/liush/FSHNet/output/fshnet_models/fshnet_base/default/ckpt/latest_model
2025-06-03 22:50:56,862   INFO  Save latest model to /home/liush/FSHNet/output/fshnet_models/fshnet_base/default/ckpt/latest_model
2025-06-03 22:55:55,839   INFO  Save latest model to /home/liush/FSHNet/output/fshnet_models/fshnet_base/default/ckpt/latest_model
2025-06-03 23:00:57,070   INFO  Save latest model to /home/liush/FSHNet/output/fshnet_models/fshnet_base/default/ckpt/latest_model
2025-06-03 23:05:56,386   INFO  Save latest model to /home/liush/FSHNet/output/fshnet_models/fshnet_base/default/ckpt/latest_model
2025-06-03 23:10:56,695   INFO  Save latest model to /home/liush/FSHNet/output/fshnet_models/fshnet_base/default/ckpt/latest_model
2025-06-03 23:15:56,845   INFO  Save latest model to /home/liush/FSHNet/output/fshnet_models/fshnet_base/default/ckpt/latest_model
2025-06-03 23:20:56,369   INFO  Save latest model to /home/liush/FSHNet/output/fshnet_models/fshnet_base/default/ckpt/latest_model
2025-06-03 23:26:03,120   INFO  Save latest model to /home/liush/FSHNet/output/fshnet_models/fshnet_base/default/ckpt/latest_model
2025-06-03 23:30:56,623   INFO  Save latest model to /home/liush/FSHNet/output/fshnet_models/fshnet_base/default/ckpt/latest_model
2025-06-03 23:35:59,721   INFO  Save latest model to /home/liush/FSHNet/output/fshnet_models/fshnet_base/default/ckpt/latest_model
2025-06-03 23:41:01,001   INFO  Save latest model to /home/liush/FSHNet/output/fshnet_models/fshnet_base/default/ckpt/latest_model
2025-06-03 23:45:55,920   INFO  Save latest model to /home/liush/FSHNet/output/fshnet_models/fshnet_base/default/ckpt/latest_model
2025-06-03 23:50:55,670   INFO  Save latest model to /home/liush/FSHNet/output/fshnet_models/fshnet_base/default/ckpt/latest_model
2025-06-03 23:55:55,801   INFO  Save latest model to /home/liush/FSHNet/output/fshnet_models/fshnet_base/default/ckpt/latest_model
2025-06-04 00:00:56,859   INFO  Save latest model to /home/liush/FSHNet/output/fshnet_models/fshnet_base/default/ckpt/latest_model
2025-06-04 00:05:56,419   INFO  Save latest model to /home/liush/FSHNet/output/fshnet_models/fshnet_base/default/ckpt/latest_model
2025-06-04 00:10:57,248   INFO  Save latest model to /home/liush/FSHNet/output/fshnet_models/fshnet_base/default/ckpt/latest_model
2025-06-04 00:15:56,130   INFO  Save latest model to /home/liush/FSHNet/output/fshnet_models/fshnet_base/default/ckpt/latest_model
2025-06-04 00:20:57,124   INFO  Save latest model to /home/liush/FSHNet/output/fshnet_models/fshnet_base/default/ckpt/latest_model
2025-06-04 00:25:56,390   INFO  Save latest model to /home/liush/FSHNet/output/fshnet_models/fshnet_base/default/ckpt/latest_model
2025-06-04 00:30:56,486   INFO  Save latest model to /home/liush/FSHNet/output/fshnet_models/fshnet_base/default/ckpt/latest_model
2025-06-04 00:35:56,561   INFO  Save latest model to /home/liush/FSHNet/output/fshnet_models/fshnet_base/default/ckpt/latest_model
2025-06-04 00:40:55,946   INFO  Save latest model to /home/liush/FSHNet/output/fshnet_models/fshnet_base/default/ckpt/latest_model
2025-06-04 00:41:55,911   INFO  epoch6_losses: 1.8206127129617284
2025-06-04 00:46:59,657   INFO  Save latest model to /home/liush/FSHNet/output/fshnet_models/fshnet_base/default/ckpt/latest_model
2025-06-04 00:51:59,083   INFO  Save latest model to /home/liush/FSHNet/output/fshnet_models/fshnet_base/default/ckpt/latest_model
2025-06-04 00:56:58,575   INFO  Save latest model to /home/liush/FSHNet/output/fshnet_models/fshnet_base/default/ckpt/latest_model
2025-06-04 01:01:58,771   INFO  Save latest model to /home/liush/FSHNet/output/fshnet_models/fshnet_base/default/ckpt/latest_model
2025-06-04 01:06:58,601   INFO  Save latest model to /home/liush/FSHNet/output/fshnet_models/fshnet_base/default/ckpt/latest_model
2025-06-04 01:11:59,531   INFO  Save latest model to /home/liush/FSHNet/output/fshnet_models/fshnet_base/default/ckpt/latest_model
2025-06-04 01:16:59,076   INFO  Save latest model to /home/liush/FSHNet/output/fshnet_models/fshnet_base/default/ckpt/latest_model
2025-06-04 01:21:59,465   INFO  Save latest model to /home/liush/FSHNet/output/fshnet_models/fshnet_base/default/ckpt/latest_model
2025-06-04 01:26:59,332   INFO  Save latest model to /home/liush/FSHNet/output/fshnet_models/fshnet_base/default/ckpt/latest_model
2025-06-04 01:31:58,398   INFO  Save latest model to /home/liush/FSHNet/output/fshnet_models/fshnet_base/default/ckpt/latest_model
2025-06-04 01:36:58,648   INFO  Save latest model to /home/liush/FSHNet/output/fshnet_models/fshnet_base/default/ckpt/latest_model
2025-06-04 01:41:58,815   INFO  Save latest model to /home/liush/FSHNet/output/fshnet_models/fshnet_base/default/ckpt/latest_model
2025-06-04 01:46:59,689   INFO  Save latest model to /home/liush/FSHNet/output/fshnet_models/fshnet_base/default/ckpt/latest_model
2025-06-04 01:51:58,996   INFO  Save latest model to /home/liush/FSHNet/output/fshnet_models/fshnet_base/default/ckpt/latest_model
2025-06-04 01:56:59,504   INFO  Save latest model to /home/liush/FSHNet/output/fshnet_models/fshnet_base/default/ckpt/latest_model
2025-06-04 02:01:59,561   INFO  Save latest model to /home/liush/FSHNet/output/fshnet_models/fshnet_base/default/ckpt/latest_model
2025-06-04 02:06:59,175   INFO  Save latest model to /home/liush/FSHNet/output/fshnet_models/fshnet_base/default/ckpt/latest_model
2025-06-04 02:11:58,910   INFO  Save latest model to /home/liush/FSHNet/output/fshnet_models/fshnet_base/default/ckpt/latest_model
2025-06-04 02:16:58,753   INFO  Save latest model to /home/liush/FSHNet/output/fshnet_models/fshnet_base/default/ckpt/latest_model
2025-06-04 02:21:58,563   INFO  Save latest model to /home/liush/FSHNet/output/fshnet_models/fshnet_base/default/ckpt/latest_model
2025-06-04 02:26:59,261   INFO  Save latest model to /home/liush/FSHNet/output/fshnet_models/fshnet_base/default/ckpt/latest_model
2025-06-04 02:32:02,832   INFO  Save latest model to /home/liush/FSHNet/output/fshnet_models/fshnet_base/default/ckpt/latest_model
2025-06-04 02:36:59,415   INFO  Save latest model to /home/liush/FSHNet/output/fshnet_models/fshnet_base/default/ckpt/latest_model
2025-06-04 02:40:17,963   INFO  epoch7_losses: 1.7693414467955573
2025-06-04 02:45:21,583   INFO  Save latest model to /home/liush/FSHNet/output/fshnet_models/fshnet_base/default/ckpt/latest_model
2025-06-04 02:50:22,411   INFO  Save latest model to /home/liush/FSHNet/output/fshnet_models/fshnet_base/default/ckpt/latest_model
2025-06-04 02:55:22,886   INFO  Save latest model to /home/liush/FSHNet/output/fshnet_models/fshnet_base/default/ckpt/latest_model
2025-06-04 03:00:22,164   INFO  Save latest model to /home/liush/FSHNet/output/fshnet_models/fshnet_base/default/ckpt/latest_model
2025-06-04 03:05:21,988   INFO  Save latest model to /home/liush/FSHNet/output/fshnet_models/fshnet_base/default/ckpt/latest_model
2025-06-04 03:10:21,741   INFO  Save latest model to /home/liush/FSHNet/output/fshnet_models/fshnet_base/default/ckpt/latest_model
2025-06-04 03:15:22,360   INFO  Save latest model to /home/liush/FSHNet/output/fshnet_models/fshnet_base/default/ckpt/latest_model
2025-06-04 03:20:21,803   INFO  Save latest model to /home/liush/FSHNet/output/fshnet_models/fshnet_base/default/ckpt/latest_model
2025-06-04 03:25:21,492   INFO  Save latest model to /home/liush/FSHNet/output/fshnet_models/fshnet_base/default/ckpt/latest_model
2025-06-04 03:30:22,182   INFO  Save latest model to /home/liush/FSHNet/output/fshnet_models/fshnet_base/default/ckpt/latest_model
2025-06-04 03:35:21,615   INFO  Save latest model to /home/liush/FSHNet/output/fshnet_models/fshnet_base/default/ckpt/latest_model
2025-06-04 03:40:22,030   INFO  Save latest model to /home/liush/FSHNet/output/fshnet_models/fshnet_base/default/ckpt/latest_model
2025-06-04 03:45:22,138   INFO  Save latest model to /home/liush/FSHNet/output/fshnet_models/fshnet_base/default/ckpt/latest_model
2025-06-04 03:50:22,221   INFO  Save latest model to /home/liush/FSHNet/output/fshnet_models/fshnet_base/default/ckpt/latest_model
2025-06-04 03:55:21,649   INFO  Save latest model to /home/liush/FSHNet/output/fshnet_models/fshnet_base/default/ckpt/latest_model
2025-06-04 04:00:21,895   INFO  Save latest model to /home/liush/FSHNet/output/fshnet_models/fshnet_base/default/ckpt/latest_model
2025-06-04 04:05:22,157   INFO  Save latest model to /home/liush/FSHNet/output/fshnet_models/fshnet_base/default/ckpt/latest_model
2025-06-04 04:10:21,541   INFO  Save latest model to /home/liush/FSHNet/output/fshnet_models/fshnet_base/default/ckpt/latest_model
2025-06-04 04:15:21,785   INFO  Save latest model to /home/liush/FSHNet/output/fshnet_models/fshnet_base/default/ckpt/latest_model
2025-06-04 04:20:22,547   INFO  Save latest model to /home/liush/FSHNet/output/fshnet_models/fshnet_base/default/ckpt/latest_model
2025-06-04 04:25:21,472   INFO  Save latest model to /home/liush/FSHNet/output/fshnet_models/fshnet_base/default/ckpt/latest_model
2025-06-04 04:30:21,590   INFO  Save latest model to /home/liush/FSHNet/output/fshnet_models/fshnet_base/default/ckpt/latest_model
2025-06-04 04:35:21,864   INFO  Save latest model to /home/liush/FSHNet/output/fshnet_models/fshnet_base/default/ckpt/latest_model
2025-06-04 04:38:18,964   INFO  epoch8_losses: 1.7122667247745773
2025-06-04 04:43:22,336   INFO  Save latest model to /home/liush/FSHNet/output/fshnet_models/fshnet_base/default/ckpt/latest_model
2025-06-04 04:48:21,609   INFO  Save latest model to /home/liush/FSHNet/output/fshnet_models/fshnet_base/default/ckpt/latest_model
2025-06-04 04:53:21,993   INFO  Save latest model to /home/liush/FSHNet/output/fshnet_models/fshnet_base/default/ckpt/latest_model
2025-06-04 04:58:22,376   INFO  Save latest model to /home/liush/FSHNet/output/fshnet_models/fshnet_base/default/ckpt/latest_model
2025-06-04 05:03:22,482   INFO  Save latest model to /home/liush/FSHNet/output/fshnet_models/fshnet_base/default/ckpt/latest_model
2025-06-04 05:08:21,434   INFO  Save latest model to /home/liush/FSHNet/output/fshnet_models/fshnet_base/default/ckpt/latest_model
2025-06-04 05:13:21,726   INFO  Save latest model to /home/liush/FSHNet/output/fshnet_models/fshnet_base/default/ckpt/latest_model
2025-06-04 05:18:22,611   INFO  Save latest model to /home/liush/FSHNet/output/fshnet_models/fshnet_base/default/ckpt/latest_model
2025-06-04 05:23:21,540   INFO  Save latest model to /home/liush/FSHNet/output/fshnet_models/fshnet_base/default/ckpt/latest_model
2025-06-04 05:28:22,127   INFO  Save latest model to /home/liush/FSHNet/output/fshnet_models/fshnet_base/default/ckpt/latest_model
2025-06-04 05:33:22,099   INFO  Save latest model to /home/liush/FSHNet/output/fshnet_models/fshnet_base/default/ckpt/latest_model
2025-06-04 05:38:21,482   INFO  Save latest model to /home/liush/FSHNet/output/fshnet_models/fshnet_base/default/ckpt/latest_model
2025-06-04 05:43:21,919   INFO  Save latest model to /home/liush/FSHNet/output/fshnet_models/fshnet_base/default/ckpt/latest_model
2025-06-04 05:48:21,608   INFO  Save latest model to /home/liush/FSHNet/output/fshnet_models/fshnet_base/default/ckpt/latest_model
2025-06-04 05:53:21,293   INFO  Save latest model to /home/liush/FSHNet/output/fshnet_models/fshnet_base/default/ckpt/latest_model
2025-06-04 05:58:21,838   INFO  Save latest model to /home/liush/FSHNet/output/fshnet_models/fshnet_base/default/ckpt/latest_model
2025-06-04 06:03:21,241   INFO  Save latest model to /home/liush/FSHNet/output/fshnet_models/fshnet_base/default/ckpt/latest_model
2025-06-04 06:08:22,045   INFO  Save latest model to /home/liush/FSHNet/output/fshnet_models/fshnet_base/default/ckpt/latest_model
2025-06-04 06:13:21,809   INFO  Save latest model to /home/liush/FSHNet/output/fshnet_models/fshnet_base/default/ckpt/latest_model
2025-06-04 06:18:22,089   INFO  Save latest model to /home/liush/FSHNet/output/fshnet_models/fshnet_base/default/ckpt/latest_model
2025-06-04 06:23:21,693   INFO  Save latest model to /home/liush/FSHNet/output/fshnet_models/fshnet_base/default/ckpt/latest_model
2025-06-04 06:28:21,799   INFO  Save latest model to /home/liush/FSHNet/output/fshnet_models/fshnet_base/default/ckpt/latest_model
2025-06-04 06:33:22,597   INFO  Save latest model to /home/liush/FSHNet/output/fshnet_models/fshnet_base/default/ckpt/latest_model
2025-06-04 06:36:25,272   INFO  epoch9_losses: 1.6555750500550277
2025-06-04 06:41:28,453   INFO  Save latest model to /home/liush/FSHNet/output/fshnet_models/fshnet_base/default/ckpt/latest_model
2025-06-04 06:46:27,858   INFO  Save latest model to /home/liush/FSHNet/output/fshnet_models/fshnet_base/default/ckpt/latest_model
2025-06-04 06:51:28,832   INFO  Save latest model to /home/liush/FSHNet/output/fshnet_models/fshnet_base/default/ckpt/latest_model
2025-06-04 06:56:28,064   INFO  Save latest model to /home/liush/FSHNet/output/fshnet_models/fshnet_base/default/ckpt/latest_model
2025-06-04 07:01:28,668   INFO  Save latest model to /home/liush/FSHNet/output/fshnet_models/fshnet_base/default/ckpt/latest_model
2025-06-04 07:06:28,319   INFO  Save latest model to /home/liush/FSHNet/output/fshnet_models/fshnet_base/default/ckpt/latest_model
2025-06-04 07:11:27,710   INFO  Save latest model to /home/liush/FSHNet/output/fshnet_models/fshnet_base/default/ckpt/latest_model
2025-06-04 07:16:27,921   INFO  Save latest model to /home/liush/FSHNet/output/fshnet_models/fshnet_base/default/ckpt/latest_model
2025-06-04 07:21:28,065   INFO  Save latest model to /home/liush/FSHNet/output/fshnet_models/fshnet_base/default/ckpt/latest_model
2025-06-04 07:26:28,621   INFO  Save latest model to /home/liush/FSHNet/output/fshnet_models/fshnet_base/default/ckpt/latest_model
2025-06-04 07:31:27,946   INFO  Save latest model to /home/liush/FSHNet/output/fshnet_models/fshnet_base/default/ckpt/latest_model
2025-06-04 07:36:28,795   INFO  Save latest model to /home/liush/FSHNet/output/fshnet_models/fshnet_base/default/ckpt/latest_model
2025-06-04 07:41:27,758   INFO  Save latest model to /home/liush/FSHNet/output/fshnet_models/fshnet_base/default/ckpt/latest_model
2025-06-04 07:46:28,845   INFO  Save latest model to /home/liush/FSHNet/output/fshnet_models/fshnet_base/default/ckpt/latest_model
2025-06-04 07:51:27,751   INFO  Save latest model to /home/liush/FSHNet/output/fshnet_models/fshnet_base/default/ckpt/latest_model
2025-06-04 07:56:28,371   INFO  Save latest model to /home/liush/FSHNet/output/fshnet_models/fshnet_base/default/ckpt/latest_model
2025-06-04 08:01:27,846   INFO  Save latest model to /home/liush/FSHNet/output/fshnet_models/fshnet_base/default/ckpt/latest_model
2025-06-04 08:06:28,189   INFO  Save latest model to /home/liush/FSHNet/output/fshnet_models/fshnet_base/default/ckpt/latest_model
2025-06-04 08:11:28,093   INFO  Save latest model to /home/liush/FSHNet/output/fshnet_models/fshnet_base/default/ckpt/latest_model
2025-06-04 08:16:28,237   INFO  Save latest model to /home/liush/FSHNet/output/fshnet_models/fshnet_base/default/ckpt/latest_model
2025-06-04 08:21:28,079   INFO  Save latest model to /home/liush/FSHNet/output/fshnet_models/fshnet_base/default/ckpt/latest_model
2025-06-04 08:26:29,043   INFO  Save latest model to /home/liush/FSHNet/output/fshnet_models/fshnet_base/default/ckpt/latest_model
2025-06-04 08:31:29,049   INFO  Save latest model to /home/liush/FSHNet/output/fshnet_models/fshnet_base/default/ckpt/latest_model
2025-06-04 08:34:40,894   INFO  epoch10_losses: 1.6098891917304745
2025-06-04 08:34:41,124   INFO  Disable augmentations: ['gt_sampling', 'random_world_flip', 'random_world_rotation', 'random_world_scaling', 'random_world_translation']
2025-06-04 08:34:41,124   INFO  Deleting GT database from shared memory
2025-06-04 08:34:42,819   INFO  GT database has been removed from shared memory
2025-06-04 08:39:48,534   INFO  Save latest model to /home/liush/FSHNet/output/fshnet_models/fshnet_base/default/ckpt/latest_model
2025-06-04 08:44:49,023   INFO  Save latest model to /home/liush/FSHNet/output/fshnet_models/fshnet_base/default/ckpt/latest_model
2025-06-04 08:49:48,480   INFO  Save latest model to /home/liush/FSHNet/output/fshnet_models/fshnet_base/default/ckpt/latest_model
2025-06-04 08:54:48,033   INFO  Save latest model to /home/liush/FSHNet/output/fshnet_models/fshnet_base/default/ckpt/latest_model
2025-06-04 08:59:48,107   INFO  Save latest model to /home/liush/FSHNet/output/fshnet_models/fshnet_base/default/ckpt/latest_model
2025-06-04 09:04:48,396   INFO  Save latest model to /home/liush/FSHNet/output/fshnet_models/fshnet_base/default/ckpt/latest_model
2025-06-04 09:09:48,738   INFO  Save latest model to /home/liush/FSHNet/output/fshnet_models/fshnet_base/default/ckpt/latest_model
2025-06-04 09:14:48,394   INFO  Save latest model to /home/liush/FSHNet/output/fshnet_models/fshnet_base/default/ckpt/latest_model
2025-06-04 09:19:47,878   INFO  Save latest model to /home/liush/FSHNet/output/fshnet_models/fshnet_base/default/ckpt/latest_model
2025-06-04 09:24:47,608   INFO  Save latest model to /home/liush/FSHNet/output/fshnet_models/fshnet_base/default/ckpt/latest_model
2025-06-04 09:29:47,642   INFO  Save latest model to /home/liush/FSHNet/output/fshnet_models/fshnet_base/default/ckpt/latest_model
2025-06-04 09:34:47,631   INFO  Save latest model to /home/liush/FSHNet/output/fshnet_models/fshnet_base/default/ckpt/latest_model
2025-06-04 09:39:48,113   INFO  Save latest model to /home/liush/FSHNet/output/fshnet_models/fshnet_base/default/ckpt/latest_model
2025-06-04 09:44:48,070   INFO  Save latest model to /home/liush/FSHNet/output/fshnet_models/fshnet_base/default/ckpt/latest_model
2025-06-04 09:49:47,947   INFO  Save latest model to /home/liush/FSHNet/output/fshnet_models/fshnet_base/default/ckpt/latest_model
2025-06-04 09:54:48,280   INFO  Save latest model to /home/liush/FSHNet/output/fshnet_models/fshnet_base/default/ckpt/latest_model
2025-06-04 09:59:48,287   INFO  Save latest model to /home/liush/FSHNet/output/fshnet_models/fshnet_base/default/ckpt/latest_model
2025-06-04 10:04:47,841   INFO  Save latest model to /home/liush/FSHNet/output/fshnet_models/fshnet_base/default/ckpt/latest_model
2025-06-04 10:09:48,729   INFO  Save latest model to /home/liush/FSHNet/output/fshnet_models/fshnet_base/default/ckpt/latest_model
2025-06-04 10:14:48,259   INFO  Save latest model to /home/liush/FSHNet/output/fshnet_models/fshnet_base/default/ckpt/latest_model
2025-06-04 10:19:48,442   INFO  Save latest model to /home/liush/FSHNet/output/fshnet_models/fshnet_base/default/ckpt/latest_model
2025-06-04 10:24:47,775   INFO  Save latest model to /home/liush/FSHNet/output/fshnet_models/fshnet_base/default/ckpt/latest_model
2025-06-04 10:29:48,654   INFO  Save latest model to /home/liush/FSHNet/output/fshnet_models/fshnet_base/default/ckpt/latest_model
2025-06-04 10:32:33,245   INFO  epoch11_losses: 1.6640017209229645
2025-06-04 10:32:33,485   INFO  batch_losses: [3.687842906402012, 2.164074073965022, 2.013750124679744, 1.9577404160389555, 1.9120347513117015, 1.8696465993718903, 1.8206127129617284, 1.7693414467955573, 1.7122667247745773, 1.6555750500550277, 1.6098891917304745, 1.6640017209229645]
2025-06-04 10:32:34,028   INFO  **********************End training fshnet_models/fshnet_base(default)**********************



2025-06-04 10:32:34,029   INFO  **********************Start evaluation fshnet_models/fshnet_base(default)**********************
2025-06-04 10:32:34,559   INFO  Loading Waymo dataset
2025-06-04 10:32:54,907   INFO  Total skipped info 0
2025-06-04 10:32:54,907   INFO  Total samples for Waymo dataset: 39987
2025-06-04 10:32:55,225   INFO  ==> Loading parameters from checkpoint /home/liush/FSHNet/output/fshnet_models/fshnet_base/default/ckpt/checkpoint_epoch_12.pth to CPU
2025-06-04 10:32:55,430   INFO  ==> Checkpoint trained from version: pcdet+0.6.0+0000000
2025-06-04 10:32:55,463   INFO  ==> Done (loaded 579/579)
2025-06-04 10:32:55,501   INFO  *************** EPOCH 12 EVALUATION *****************
2025-06-04 11:04:11,606   INFO  *************** Performance of EPOCH 12 *****************
2025-06-04 11:04:11,606   INFO  Generate label finished(sec_per_example: 0.0469 second).
2025-06-04 11:04:11,607   INFO  recall_roi_0.3: 0.000000
2025-06-04 11:04:11,607   INFO  recall_rcnn_0.3: 0.883405
2025-06-04 11:04:11,607   INFO  recall_roi_0.5: 0.000000
2025-06-04 11:04:11,607   INFO  recall_rcnn_0.5: 0.840211
2025-06-04 11:04:11,607   INFO  recall_roi_0.7: 0.000000
2025-06-04 11:04:11,607   INFO  recall_rcnn_0.7: 0.609852
2025-06-04 11:04:11,632   INFO  Average predicted number of objects(39987 samples): 232.290
2025-06-05 03:05:42,377   INFO   
OBJECT_TYPE_TYPE_VEHICLE_LEVEL_1/AP: 0.8232 
OBJECT_TYPE_TYPE_VEHICLE_LEVEL_1/APH: 0.8186 
OBJECT_TYPE_TYPE_VEHICLE_LEVEL_1/APL: 0.8232 
OBJECT_TYPE_TYPE_VEHICLE_LEVEL_2/AP: 0.7447 
OBJECT_TYPE_TYPE_VEHICLE_LEVEL_2/APH: 0.7403 
OBJECT_TYPE_TYPE_VEHICLE_LEVEL_2/APL: 0.7447 
OBJECT_TYPE_TYPE_PEDESTRIAN_LEVEL_1/AP: 0.8616 
OBJECT_TYPE_TYPE_PEDESTRIAN_LEVEL_1/APH: 0.8106 
OBJECT_TYPE_TYPE_PEDESTRIAN_LEVEL_1/APL: 0.8616 
OBJECT_TYPE_TYPE_PEDESTRIAN_LEVEL_2/AP: 0.7918 
OBJECT_TYPE_TYPE_PEDESTRIAN_LEVEL_2/APH: 0.7416 
OBJECT_TYPE_TYPE_PEDESTRIAN_LEVEL_2/APL: 0.7918 
OBJECT_TYPE_TYPE_SIGN_LEVEL_1/AP: 0.0000 
OBJECT_TYPE_TYPE_SIGN_LEVEL_1/APH: 0.0000 
OBJECT_TYPE_TYPE_SIGN_LEVEL_1/APL: 0.0000 
OBJECT_TYPE_TYPE_SIGN_LEVEL_2/AP: 0.0000 
OBJECT_TYPE_TYPE_SIGN_LEVEL_2/APH: 0.0000 
OBJECT_TYPE_TYPE_SIGN_LEVEL_2/APL: 0.0000 
OBJECT_TYPE_TYPE_CYCLIST_LEVEL_1/AP: 0.8041 
OBJECT_TYPE_TYPE_CYCLIST_LEVEL_1/APH: 0.7933 
OBJECT_TYPE_TYPE_CYCLIST_LEVEL_1/APL: 0.8041 
OBJECT_TYPE_TYPE_CYCLIST_LEVEL_2/AP: 0.7757 
OBJECT_TYPE_TYPE_CYCLIST_LEVEL_2/APH: 0.7653 
OBJECT_TYPE_TYPE_CYCLIST_LEVEL_2/APL: 0.7757 

2025-06-05 03:05:42,396   INFO  Result is saved to /home/liush/FSHNet/output/fshnet_models/fshnet_base/default/eval/eval_with_train/epoch_12/val
2025-06-05 03:05:42,398   INFO  ****************Evaluation done.*****************
2025-06-05 03:05:42,651   INFO  Epoch 12 has been evaluated
2025-06-05 03:06:12,694   INFO  **********************End evaluation fshnet_models/fshnet_base(default)**********************
